[10.6.2011] _Pois0n_ [18:37 - 18:42] (Disconnect: Leaving)
[10.6.2011] _Pois0n_4 [19:31 - 19:31] (Disconnect: Leaving)
[10.6.2011] _Pois0n_ [20:08 - 20:09] (Disconnect: Leaving)
[10.6.2011] _Pois0n_ [20:58 - 21:02] (Disconnect: Timed Out)
[10.6.2011] _Pois0n_ [21:11 - 21:17] (Disconnect: Leaving)
[11.6.2011] _Pois0n_ [10:50 - 10:53] (XAP reloaded)
[11.6.2011] _Pois0n_ [11:01 - 11:05] (Disconnect: Timed Out)
[11.6.2011] _Pois0n_ [11:05 - 11:16] (XAP reloaded)
[11.6.2011] _Pois0n_ [11:17 - 11:17] (Disconnect: Leaving)
[11.6.2011] _Pois0n_ [11:19 - 11:23] (XAP reloaded)
[11.6.2011] _Pois0n_ [11:24 - 11:28] (XAP reloaded)
[11.6.2011] _Pois0n_ [11:29 - 11:37] (Disconnect: Timed Out)
[11.6.2011] _Pois0n_ [11:42 - 11:47] (XAP reloaded)
[11.6.2011] _Pois0n_ [11:48 - 11:50] (Disconnect: Leaving)
[11.6.2011] _Pois0n_ [12:34 - 12:34] (Disconnect: Leaving)
[11.6.2011] _Pois0n_ [12:35 - 12:36] (XAP reloaded)
[11.6.2011] _Pois0n_ [17:44 - 17:46] (Disconnect: Leaving)
[11.6.2011] _Pois0n_ [18:13 - 18:14] (Disconnect: Leaving)
[11.6.2011] _Pois0n_ [18:17 - 18:18] (Disconnect: Leaving)
[11.6.2011] _Pois0n_ [18:18 - 18:24] (Disconnect: Leaving)
[11.6.2011] _Pois0n_ [18:36 - 18:39] (Disconnect: Leaving)
[11.6.2011] _Pois0n_ [18:40 - 20:34] (Disconnect: Leaving)
[11.6.2011] _Pois0n_ [21:05 - 21:09] (Disconnect: Leaving)
[11.6.2011] _Pois0n_ [21:26 - 21:53] (Disconnect: Kick/Ban)
[11.6.2011] _Pois0n_ [21:54 - 21:54] (Disconnect: Kick/Ban)
[11.6.2011] _Pois0n_ [21:55 - 21:58] (Disconnect: Kick/Ban)
[11.6.2011] Babushka [21:42 - 21:58] (XAP reloaded)
[11.6.2011] Babushka [22:01 - 22:07] (Disconnect: Leaving)
[11.6.2011] _Pois0n_ [21:59 - 22:07] (Disconnect: Leaving)
[11.6.2011] _Pois0n_ [22:08 - 22:46] (XAP reloaded)
[11.6.2011] _Pois0n_ [22:46 - 22:47] (Disconnect: Leaving)
[11.6.2011] _Pois0n_ [22:47 - 22:48] (Disconnect: Leaving)
[11.6.2011] _Pois0n_ [22:49 - 22:51] (Disconnect: Leaving)
[12.6.2011] _Pois0n_ [08:37 - 08:41] (Disconnect: Leaving)
[12.6.2011] _Pois0n_ [08:43 - 08:44] (Disconnect: Leaving)
[12.6.2011] _Pois0n_ [08:47 - 08:47] (Disconnect: Leaving)
[12.6.2011] _Pois0n_ [08:49 - 08:52] (XAP reloaded)
[12.6.2011] _Pois0n_ [08:53 - 09:19] (XAP reloaded)
[12.6.2011] _Pois0n_ [09:20 - 09:21] (Disconnect: Leaving)
[12.6.2011] _Pois0n_ [09:23 - 09:24] (Disconnect: Leaving)
[12.6.2011] _Pois0n_ [09:25 - 09:27] (XAP reloaded)
[12.6.2011] _Pois0n_ [09:27 - 09:28] (Disconnect: Leaving)
[12.6.2011] _Pois0n_ [09:31 - 09:31] (Disconnect: Leaving)
[12.6.2011] _Pois0n_ [09:33 - 09:38] (Disconnect: Leaving)
[12.6.2011] _Pois0n_ [09:40 - 09:40] (Disconnect: Leaving)
[12.6.2011] _Pois0n_ [09:41 - 09:42] (Disconnect: Leaving)
[12.6.2011] _Pois0n_ [09:45 - 09:46] (Disconnect: Leaving)
[12.6.2011] _Pois0n_ [09:48 - 09:49] (Disconnect: Leaving)
[13.6.2011] _Pois0n_ [11:19 - 11:22] (Disconnect: Leaving)
[13.6.2011] _Pois0n_ [11:25 - 11:41] (Disconnect: Leaving)
[13.6.2011] _Pois0n_ [11:42 - 11:46] (Disconnect: Leaving)
[13.6.2011] _Pois0n_ [11:47 - 11:48] (XAP reloaded)
[13.6.2011] _Pois0n_ [11:58 - 11:59] (Disconnect: Leaving)
[13.6.2011] [Saw]Breacher [12:29 - 12:31] (Disconnect: Leaving)
[13.6.2011] _Pois0n_ [12:00 - 12:48] (Disconnect: Timed Out)
[13.6.2011] [Saw]Breacher [12:31 - 12:50] (Disconnect: Leaving)
[13.6.2011] [Saw]Breacher [12:51 - 12:52] (Disconnect: Leaving)
[13.6.2011] _Pois0n_ [12:52 - 13:08] (Disconnect: Leaving)
[13.6.2011] [Saw]Breacher [12:52 - 13:08] (XAP reloaded)
[13.6.2011] _Pois0n_ [13:08 - 13:44] (Disconnect: Leaving)
[13.6.2011] [Saw]Breacher [13:09 - 13:47] (XAP reloaded)
[13.6.2011] [Saw]Breacher [13:49 - 14:04] (Disconnect: Leaving)
[13.6.2011] _Pois0n_ [13:47 - 14:33] (Disconnect: Leaving)
[13.6.2011] [DnA]Microzick [14:14 - 14:35] (Disconnect: Timed Out)
[13.6.2011] [LazZy] [14:24 - 14:35] (Disconnect: Timed Out)
[13.6.2011] [DnA]Microzick [14:39 - 14:41] (Disconnect: Leaving)
[13.6.2011] [LazZy] [14:50 - 15:08] (Disconnect: Leaving)
[13.6.2011] _Pois0n_ [14:40 - 15:22] (Disconnect: Timed Out)
[13.6.2011] SuL[T]aN [14:44 - 15:24] (XAP reloaded)
[13.6.2011] [LazZy] [15:08 - 15:24] (XAP reloaded)
[13.6.2011] _Pois0n_ [15:24 - 15:27] (Disconnect: Leaving)
[13.6.2011] [LazZy] [15:26 - 15:27] (XAP reloaded)
[13.6.2011] _Pois0n_ [15:27 - 15:29] (XAP reloaded)
[13.6.2011] _Pois0n_ [15:31 - 15:38] (Disconnect: Leaving)
[13.6.2011] _Pois0n_ [15:38 - 15:43] (XAP reloaded)
[13.6.2011] _Pois0n_ [15:44 - 15:45] (XAP reloaded)
[13.6.2011] _Pois0n_ [15:46 - 15:46] (Disconnect: Leaving)
[13.6.2011] [Saw]Breacher [15:49 - 15:57] (Disconnect: Leaving)
[13.6.2011] _Pois0n_ [15:48 - 16:06] (Disconnect: Timed Out)
[13.6.2011] _Pois0n_ [16:06 - 16:08] (Disconnect: Kick/Ban)
[13.6.2011] [Saw]Breacher [15:58 - 16:17] (Disconnect: Kick/Ban)
[13.6.2011] [Saw]Breacher [16:17 - 16:25] (Disconnect: Timed Out)
[13.6.2011] [LazZy] [16:08 - 16:25] (Disconnect: Timed Out)
[13.6.2011] [Saw]Breacher [16:26 - 16:27] (Disconnect: Timed Out)
[13.6.2011] [LazZy] [16:26 - 16:27] (Disconnect: Timed Out)
[13.6.2011] [LazZy] [16:31 - 16:42] (Disconnect: Leaving)
[13.6.2011] [Saw]Breacher [16:31 - 17:26] (Disconnect: Leaving)
[13.6.2011] shimon [16:40 - 17:29] (Disconnect: Leaving)
[13.6.2011] _Pois0n_ [16:31 - 17:47] (Disconnect: Leaving)
[13.6.2011] [LazZy] [17:37 - 17:47] (XAP reloaded)
[13.6.2011] _Pois0n_ [17:48 - 17:49] (Disconnect: Leaving)
[13.6.2011] [LazZy] [17:48 - 17:53] (XAP reloaded)
[13.6.2011] [LazZy] [17:56 - 18:07] (Disconnect: Timed Out)
[13.6.2011] _Pois0n_ [17:53 - 18:08] (Disconnect: Leaving)
[13.6.2011] [LazZy] [18:07 - 18:08] (XAP reloaded)
[13.6.2011] _Pois0n_ [18:10 - 18:11] (Disconnect: Leaving)
[13.6.2011] _Pois0n_ [18:13 - 18:13] (Disconnect: Leaving)
[13.6.2011] [LazZy] [18:13 - 18:13] (XAP reloaded)
[13.6.2011] _Pois0n_ [18:17 - 18:17] (Disconnect: Leaving)
[13.6.2011] _Pois0n_ [18:20 - 18:24] (Disconnect: Leaving)
[13.6.2011] [LazZy] [18:21 - 18:24] (XAP reloaded)
[13.6.2011] _Pois0n_ [18:26 - 18:28] (Disconnect: Leaving)
[13.6.2011] [LazZy] [18:27 - 18:28] (XAP reloaded)
[13.6.2011] _Pois0n_ [18:29 - 18:34] (XAP reloaded)
[13.6.2011] [LazZy] [18:30 - 18:34] (XAP reloaded)
[13.6.2011] _Pois0n_ [18:35 - 18:44] (XAP reloaded)
[13.6.2011] [LazZy] [18:35 - 18:44] (XAP reloaded)
[13.6.2011] [Saw]Breacher [18:36 - 18:44] (XAP reloaded)
[13.6.2011] [Saw]Breacher [18:45 - 18:47] (Disconnect: Leaving)
[13.6.2011] _Pois0n_ [18:45 - 18:49] (Disconnect: Leaving)
[13.6.2011] _Pois0n_ [18:50 - 18:57] (XAP reloaded)
[13.6.2011] [Saw]Breacher [18:51 - 18:57] (XAP reloaded)
[13.6.2011] [Saw]Breacher [18:59 - 19:12] (Disconnect: Leaving)
[13.6.2011] [Saw]Breacher [19:12 - 19:20] (Disconnect: Leaving)
[13.6.2011] SuL[T]aN [19:14 - 19:20] (Disconnect: Timed Out)
[13.6.2011] _Pois0n_ [18:58 - 19:23] (XAP reloaded)
[13.6.2011] [Saw]Breacher [19:21 - 19:23] (XAP reloaded)
[13.6.2011] _Pois0n_ [19:23 - 19:24] (XAP reloaded)
[13.6.2011] _Pois0n_ [19:25 - 19:26] (Disconnect: Leaving)
[13.6.2011] _Pois0n_ [19:27 - 19:29] (XAP reloaded)
[13.6.2011] _Pois0n_ [19:30 - 19:30] (Disconnect: Leaving)
[13.6.2011] _Pois0n_ [19:32 - 19:32] (Disconnect: Leaving)
[13.6.2011] _Pois0n_ [19:33 - 19:34] (Disconnect: Leaving)
[13.6.2011] _Pois0n_ [19:36 - 19:36] (Disconnect: Leaving)
[13.6.2011] _Pois0n_ [19:39 - 19:39] (Disconnect: Leaving)
[13.6.2011] _Pois0n_ [19:40 - 19:40] (Disconnect: Leaving)
[13.6.2011] _Pois0n_ [19:42 - 19:43] (Disconnect: Leaving)
[13.6.2011] _Pois0n_ [19:44 - 19:44] (Disconnect: Leaving)
[13.6.2011] _Pois0n_ [19:45 - 19:45] (Disconnect: Leaving)
[13.6.2011] _Pois0n_ [19:51 - 19:52] (Disconnect: Leaving)
[13.6.2011] [LazZy] [19:52 - 19:53] (Disconnect: Leaving)
[13.6.2011] _Pois0n_ [19:53 - 20:09] (XAP reloaded)
[13.6.2011] [LazZy] [19:53 - 20:09] (XAP reloaded)
[13.6.2011] [Saw]Breacher [20:09 - 20:09] (XAP reloaded)
[13.6.2011] _Pois0n_ [20:10 - 20:12] (Disconnect: Leaving)
[13.6.2011] [Saw]Breacher [20:10 - 20:12] (XAP reloaded)
[13.6.2011] _Pois0n_ [20:13 - 20:27] (Disconnect: Leaving)
[13.6.2011] [Saw]Breacher [20:16 - 20:30] (Disconnect: Leaving)
[13.6.2011] (Ks)Gig[A]bity [20:17 - 20:34] (Disconnect: Leaving)
[13.6.2011] [DnA]Microzick [20:38 - 20:38] (Disconnect: Leaving)
[13.6.2011] [Saw]Breacher [20:42 - 20:49] (Disconnect: Leaving)
[13.6.2011] (Ks)Gig[A]bity [20:40 - 20:49] (Disconnect: Leaving)
[13.6.2011] _Pois0n_ [20:40 - 20:57] (XAP reloaded)
[13.6.2011] _Pois0n_ [20:58 - 20:59] (Disconnect: Leaving)
[13.6.2011] [Saw]Breacher [20:58 - 21:00] (XAP reloaded)
[13.6.2011] (Ks)Gig[A]bity [20:58 - 21:00] (XAP reloaded)
[13.6.2011] _Pois0n_ [21:00 - 21:00] (Disconnect: Leaving)
[13.6.2011] (Ks)Gig[A]bity [21:00 - 21:01] (XAP reloaded)
[13.6.2011] [Saw]Breacher [21:00 - 21:01] (XAP reloaded)
[13.6.2011] _Pois0n_ [21:01 - 21:16] (XAP reloaded)
[13.6.2011] (Ks)Gig[A]bity [21:01 - 21:16] (XAP reloaded)
[13.6.2011] [Saw]Breacher [21:02 - 21:16] (XAP reloaded)
[14.6.2011] _Pois0n_ [10:42 - 10:47] (Disconnect: Leaving)
[14.6.2011] _Pois0n_ [12:14 - 12:45] (Disconnect: Leaving)
[14.6.2011] _Pois0n_ [12:45 - 12:53] (XAP reloaded)
[14.6.2011] _Pois0n_ [12:53 - 13:16] (XAP reloaded)
[14.6.2011] _Pois0n_ [13:18 - 13:27] (Disconnect: Kick/Ban)
[14.6.2011] SuL[T]aN [14:08 - 14:16] (Disconnect: Leaving)
[14.6.2011] _Pois0n_ [13:27 - 14:29] (Disconnect: Timed Out)
[14.6.2011] _Pois0n_ [14:34 - 14:41] (Disconnect: Timed Out)
[14.6.2011] (Ks)Gig[A]bity [14:35 - 14:41] (Disconnect: Timed Out)
[14.6.2011] (Ks)Gig[A]bity [14:42 - 14:59] (Disconnect: Leaving)
[14.6.2011] _Pois0n_ [17:58 - 18:01] (Disconnect: Leaving)
[14.6.2011] _Pois0n_ [18:02 - 18:02] (Disconnect: Leaving)
[14.6.2011] _Pois0n_ [18:03 - 18:03] (Disconnect: Leaving)
[14.6.2011] _Pois0n_ [18:05 - 18:05] (Disconnect: Leaving)
[14.6.2011] _Pois0n_ [18:06 - 18:06] (Disconnect: Leaving)
[14.6.2011] _Pois0n_ [18:07 - 18:07] (Disconnect: Leaving)
[14.6.2011] _Pois0n_ [18:11 - 19:04] (Disconnect: Timed Out)
[14.6.2011] [Saw]Breacher [19:17 - 19:19] (Disconnect: Kick/Ban)
[14.6.2011] _Pois0n_ [19:05 - 19:37] (Disconnect: Timed Out)
[14.6.2011] [Saw]Breacher [19:20 - 19:44] (Disconnect: Leaving)
[14.6.2011] [Saw]Breacher [19:56 - 20:11] (Disconnect: Leaving)
[14.6.2011] [Saw]Breacher [20:11 - 20:24] (Disconnect: Kick/Ban)
[14.6.2011] [DKs]_Pois0n_ [19:37 - 20:26] (Disconnect: Kick/Ban)
[14.6.2011] [DKs]SuL[T]aN [19:54 - 20:26] (Disconnect: Kick/Ban)
[14.6.2011] [DKs]SuL[T]aN [20:28 - 20:29] (Disconnect: Timed Out)
[14.6.2011] [DKs]_Pois0n_ [20:28 - 20:31] (Disconnect: Leaving)
[14.6.2011] [Saw]Breacher [20:25 - 20:31] (XAP reloaded)
[14.6.2011] [DKs]_Pois0n_ [20:36 - 20:47] (XAP reloaded)
[14.6.2011] [Saw]Breacher [20:36 - 20:47] (XAP reloaded)
[14.6.2011] [Saw]Breacher [20:49 - 20:55] (Disconnect: Leaving)
[14.6.2011] (Ks)Gig[A]bity [20:50 - 20:57] (Disconnect: Leaving)
[14.6.2011] [DKs]_Pois0n_ [20:47 - 21:04] (Disconnect: Leaving)
[14.6.2011] [DKs]_Pois0n_ [21:30 - 21:44] (Disconnect: Leaving)
[14.6.2011] [DKs]_Pois0n_ [22:35 - 22:38] (Disconnect: Kick/Ban)
[14.6.2011] [DKs]_Pois0n_ [22:38 - 22:39] (Disconnect: Leaving)
[14.6.2011] [DKs]_Pois0n_ [23:02 - 23:03] (Disconnect: Leaving)
[15.6.2011] [DKs]_Pois0n_ [18:57 - 19:10] (Disconnect: Leaving)
[15.6.2011] [DKs]_Pois0n_ [19:32 - 19:33] (Disconnect: Leaving)
[15.6.2011] [DKs]_Pois0n_ [19:33 - 19:34] (Disconnect: Leaving)
[15.6.2011] [DKs]_Pois0n_ [19:35 - 19:37] (Disconnect: Leaving)
[15.6.2011] [DKs]_Pois0n_ [19:38 - 20:12] (XAP reloaded)
[15.6.2011] [DKs]_Pois0n_ [20:16 - 20:18] (Disconnect: Kick/Ban)
[15.6.2011] [SaW]Breacher [20:16 - 20:23] (Disconnect: Leaving)
[15.6.2011] [SaW]Breacher [20:24 - 20:27] (Disconnect: Timed Out)
[15.6.2011] [DKs]_Pois0n_ [20:18 - 20:28] (XAP reloaded)
[15.6.2011] [SaW]Breacher [20:27 - 20:28] (XAP reloaded)
[15.6.2011] [DKs]_Pois0n_ [20:29 - 20:31] (Disconnect: Leaving)
[15.6.2011] [SaW]Breacher [20:30 - 20:31] (XAP reloaded)
[15.6.2011] [DKs]_Pois0n_ [20:36 - 20:39] (Disconnect: Leaving)
[15.6.2011] [SaW]Breacher [20:36 - 20:39] (XAP reloaded)
[15.6.2011] [SaW]Breacher [20:40 - 20:42] (Disconnect: Leaving)
[15.6.2011] [SaW]Breacher [20:43 - 20:54] (Disconnect: Leaving)
[15.6.2011] [DKs]_Pois0n_ [20:40 - 22:30] (Disconnect: Timed Out)
[15.6.2011] [YzF]Microzick [22:27 - 22:37] (Disconnect: Leaving)
[15.6.2011] [DKs]_Pois0n_ [22:30 - 22:38] (Disconnect: Leaving)
[15.6.2011] [SaW]Breacher [22:29 - 23:15] (XAP reloaded)
[16.6.2011] _Pois0n_ [08:15 - 08:29] (Disconnect: Kick/Ban)
[16.6.2011] _Pois0n_ [08:29 - 08:58] (XAP reloaded)
[16.6.2011] [DKs]_Pois0n_ [08:59 - 09:00] (Disconnect: Kick/Ban)
[16.6.2011] [DKs]_Pois0n_ [09:01 - 09:03] (Disconnect: Leaving)
[16.6.2011] [DKs]_Pois0n_ [09:04 - 09:05] (Disconnect: Leaving)
[16.6.2011] _Pois0n_ [09:09 - 09:10] (Disconnect: Kick/Ban)
[16.6.2011] [DKs]_Pois0n_ [09:10 - 09:16] (Disconnect: Kick/Ban)
[16.6.2011] _Pois0n_ [10:54 - 11:29] (Disconnect: Timed Out)
[16.6.2011] [DKs]SuL[T]aN [10:53 - 11:29] (XAP reloaded)
[16.6.2011] [DKs]SuL[T]aN [11:32 - 11:34] (Disconnect: Leaving)
[16.6.2011] _Pois0n_ [11:32 - 11:37] (Disconnect: Leaving)
[16.6.2011] _Pois0n_ [11:49 - 12:15] (Disconnect: Leaving)
[16.6.2011] [DKs]SuL[T]aN [11:50 - 12:15] (Disconnect: Leaving)
[16.6.2011] [DKs]SuL[T]aN [12:18 - 12:45] (Disconnect: Leaving)
[16.6.2011] _Pois0n_ [12:18 - 12:52] (Disconnect: Leaving)
[16.6.2011] [DKs]SuL[T]aN [13:13 - 13:13] (XAP reloaded)
[17.6.2011] [DKs]SuL[T]aN [10:44 - 10:54] (Disconnect: Leaving)
[17.6.2011] _Pois0n_ [10:35 - 10:56] (Disconnect: Leaving)
[17.6.2011] _Pois0n_ [10:57 - 10:59] (Disconnect: Leaving)
[17.6.2011] _Pois0n_ [11:06 - 11:20] (Disconnect: Timed Out)
[17.6.2011] [DKs]SuL[T]aN [11:06 - 11:33] (Disconnect: Timed Out)
[17.6.2011] [DKs]SuL[T]aN [11:33 - 11:35] (Disconnect: Timed Out)
[17.6.2011] _Pois0n_ [11:24 - 11:37] (Disconnect: Timed Out)
[17.6.2011] [DKs]SuL[T]aN [11:35 - 11:37] (Disconnect: Timed Out)
[17.6.2011] _Pois0n_ [11:43 - 11:57] (Disconnect: Leaving)
[17.6.2011] [DKs]SuL[T]aN [11:44 - 11:57] (XAP reloaded)
[17.6.2011] [DKs]SuL[T]aN [12:10 - 12:10] (Disconnect: Leaving)
[17.6.2011] _Pois0n_ [12:06 - 12:13] (Disconnect: Leaving)
[17.6.2011] [DKs]SuL[T]aN [12:10 - 12:33] (Disconnect: Leaving)
[17.6.2011] _Pois0n_ [12:21 - 12:33] (Disconnect: Leaving)
[17.6.2011] _Pois0n_ [12:34 - 12:34] (Disconnect: Leaving)
[18.6.2011] _Pois0n_ [00:33 - 00:35] (Disconnect: Leaving)
[18.6.2011] _Pois0n_ [16:27 - 16:31] (Disconnect: Leaving)
[18.6.2011] _Pois0n_ [16:37 - 16:37] (Disconnect: Timed Out)
[18.6.2011] _Pois0n_ [16:49 - 16:53] (XAP reloaded)
[18.6.2011] [SaW]Breacher [16:58 - 16:59] (Disconnect: Leaving)
[18.6.2011] [SaW]Breacher [16:59 - 17:06] (Disconnect: Leaving)
[18.6.2011] _Pois0n_ [16:56 - 17:16] (Disconnect: Leaving)
[18.6.2011] [DKs]SuL[T]aN [16:56 - 17:27] (Disconnect: Leaving)
[18.6.2011] [SaW]Breacher [17:07 - 17:29] (Logout)
[18.6.2011] [SaW]Breacher [17:31 - 17:32] (Logout)
[18.6.2011] [SaW]Breacher [17:33 - 17:53] (Disconnect: Leaving)
[18.6.2011] _Pois0n_ [17:45 - 17:57] (Disconnect: Leaving)
[18.6.2011] [DKs]SuL[T]aN [17:28 - 18:15] (Disconnect: Timed Out)
[18.6.2011] [SaW]Breacher [17:55 - 18:15] (Disconnect: Leaving)
[18.6.2011] _Pois0n_ [17:58 - 18:16] (Disconnect: Leaving)
[18.6.2011] [SaW]Breacher [18:29 - 18:45] (Logout)
[18.6.2011] Gig[A]bity [18:57 - 19:06] (Disconnect: Leaving)
[18.6.2011] [SaW]Breacher [18:49 - 19:11] (Disconnect: Leaving)
[18.6.2011] [DKs]SuL[T]aN [18:30 - 19:34] (Disconnect: Leaving)
[18.6.2011] [SaW]Breacher [19:12 - 19:38] (Logout)
[18.6.2011] [DKs]SuL[T]aN [19:37 - 19:38] (Logout)
[18.6.2011] [SaW]Breacher [20:34 - 20:35] (Logout)
[18.6.2011] [SaW]Breacher [20:36 - 20:40] (Logout)
[18.6.2011] [DKs]SuL[T]aN [20:18 - 20:40] (Logout)
[18.6.2011] [SaW]Breacher [20:49 - 21:19] (Disconnect: Leaving)
[18.6.2011] Gig[A]bity [21:09 - 21:19] (Logout)
[18.6.2011] Gig[A]bity [21:22 - 21:22] (Logout)
[18.6.2011] [DKs]SuL[T]aN [20:48 - 21:22] (Logout)
[18.6.2011] [DKs]SuL[T]aN [21:29 - 21:29] (Logout)
[18.6.2011] [Saw]Breacher [21:53 - 21:55] (Logout)
[18.6.2011] _Pois0n_ [18:26 - 22:01] (Disconnect: Kick/Ban)
[18.6.2011] [DKs]SuL[T]aN [22:00 - 22:01] (Disconnect: Leaving)
[18.6.2011] [Saw]Breacher [21:56 - 22:02] (Disconnect: Leaving)
[18.6.2011] [DKs]SuL[T]aN [22:03 - 22:03] (Disconnect: Kick/Ban)
[18.6.2011] [DKs]SuL[T]aN [22:04 - 22:04] (Disconnect: Kick/Ban)
[18.6.2011] [Saw]Breacher [22:03 - 22:05] (Logout)
[18.6.2011] [DKs]SuL[T]aN [22:05 - 22:05] (Disconnect: Kick/Ban)
[18.6.2011] Gig[A]bity [21:54 - 22:08] (Disconnect: Timed Out)
[19.6.2011] _Pois0n_ [13:15 - 13:15] (Disconnect: Leaving)
[19.6.2011] _Pois0n_ [13:21 - 13:26] (Disconnect: Leaving)
[19.6.2011] _Pois0n_ [13:28 - 13:28] (XAP reloaded)
[19.6.2011] _Pois0n_ [13:29 - 13:34] (Disconnect: Leaving)
[19.6.2011] _Pois0n_ [13:35 - 13:35] (Disconnect: Leaving)
[19.6.2011] _Pois0n_ [13:36 - 13:36] (Disconnect: Leaving)
[19.6.2011] _Pois0n_ [13:36 - 13:37] (Disconnect: Leaving)
[19.6.2011] _Pois0n_ [13:37 - 13:37] (Disconnect: Leaving)
[19.6.2011] _Pois0n_ [13:38 - 13:38] (Disconnect: Leaving)
[19.6.2011] _Pois0n_ [13:42 - 13:54] (XAP reloaded)
[19.6.2011] _Pois0n_ [13:55 - 13:58] (Disconnect: Leaving)
[26.6.2011] UnNamed [23:14 - 23:15] (Disconnect: Leaving)
[27.6.2011] _Pois0n_ [09:04 - 09:06] (Disconnect: Leaving)
[27.6.2011] _Pois0n_ [11:00 - 11:01] (Disconnect: Leaving)
[27.6.2011] _Pois0n_a [11:05 - 11:06] (XAP reloaded)
[27.6.2011] _Pois0n_ [12:47 - 12:51] (Disconnect: Leaving)
[27.6.2011] _Pois0n_asd [15:38 - 15:39] (Disconnect: Leaving)
[28.6.2011] _Pois0n_ [00:43 - 00:44] (Disconnect: Leaving)
[28.6.2011] _Pois0n_ [00:46 - 00:47] (Disconnect: Leaving)
[28.6.2011] _Pois0n_ [00:58 - 00:59] (XAP reloaded)
[28.6.2011] _Pois0n_ [01:10 - 01:10] (Disconnect: Leaving)
[28.6.2011] _Pois0n_ [01:12 - 01:12] (Disconnect: Leaving)
[28.6.2011] _Pois0n_ [01:19 - 01:20] (Disconnect: Leaving)
[28.6.2011] _Pois0n_ [20:44 - 20:45] (Disconnect: Leaving)
[28.6.2011] _Pois0n_ [20:47 - 20:48] (Disconnect: Leaving)
[28.6.2011] _Pois0n_ [20:52 - 20:53] (Disconnect: Leaving)
[28.6.2011] _Pois0n_ [20:54 - 20:55] (Disconnect: Leaving)
[28.6.2011] _Pois0n_ [21:10 - 21:48] (Disconnect: Leaving)
[28.6.2011] _Pois0n_ [22:51 - 22:51] (Disconnect: Leaving)
[28.6.2011] _Pois0n_ [22:57 - 22:58] (XAP reloaded)
[29.6.2011] UnNamed [00:43 - 00:45] (Disconnect: Leaving)
[29.6.2011] _Pois0n_ [01:45 - 01:50] (Disconnect: Leaving)
[29.6.2011] _Pois0n_ [01:51 - 02:01] (XAP reloaded)
[29.6.2011] SuL[T]aN [02:01 - 02:01] (XAP reloaded)
[29.6.2011] _Pois0n_ [02:02 - 02:03] (Disconnect: Leaving)
[29.6.2011] SuL[T]aN [02:02 - 02:03] (Disconnect: Leaving)
[29.6.2011] _Pois0n_ [02:03 - 02:07] (Disconnect: Leaving)
[29.6.2011] SuL[T]aN [02:03 - 02:07] (Disconnect: Leaving)
[29.6.2011] SuL[T]aN [02:07 - 02:33] (Disconnect: Leaving)
[29.6.2011] _Pois0n_ [02:07 - 02:38] (Disconnect: Leaving)
[29.6.2011] SuL[T]aN [02:39 - 02:39] (Disconnect: Timed Out)
[29.6.2011] _Pois0n_ [02:38 - 02:43] (Disconnect: Leaving)
[29.6.2011] SuL[T]aN [02:39 - 02:43] (Disconnect: Leaving)
[29.6.2011] _Pois0n_ [02:43 - 02:43] (Disconnect: Leaving)
[29.6.2011] [LoE]Breacher [03:06 - 03:11] (XAP reloaded)
[29.6.2011] SuL[T]aN [02:43 - 03:11] (XAP reloaded)
[29.6.2011] _Pois0n_ [05:18 - 05:18] (Disconnect: Leaving)
[29.6.2011] _Pois0n_ [05:21 - 05:25] (Disconnect: Leaving)
[6.1.2011] _Pois0n_ [15:20 - 15:22] (Disconnect: Leaving)
