[16.6.2011 | 10:54:13] /setlevel 0 10
[16.6.2011 | 10:58:09] /goto 0
[16.6.2011 | 11:05:19] /spawnc sulta
[16.6.2011 | 11:06:24] /spawnc com
[16.6.2011 | 11:07:37] /spawnc bullet
[16.6.2011 | 11:09:14] /spawnc voodoo
[16.6.2011 | 11:11:11] /spawnc chee
[16.6.2011 | 11:12:15] /spawnc pho
[16.6.2011 | 11:13:40] /spawnc mons
[16.6.2011 | 11:14:22] /spawnc monster b
[16.6.2011 | 11:14:39] /spawnc monster b
[16.6.2011 | 11:15:20] /spawnc monster 
[16.6.2011 | 11:15:37] /spawnc monster 
[16.6.2011 | 11:15:59] /spawnc 504
[16.6.2011 | 11:16:16] /spawnc 504
[16.6.2011 | 11:17:02] /spawnc 504
[16.6.2011 | 11:17:26] /spawnc 504
[16.6.2011 | 11:18:23] /spawnc Hotring
[16.6.2011 | 11:20:01] /spawnc Hotring
[16.6.2011 | 11:21:39] /spawnc Hotring
[16.6.2011 | 11:22:47] /spawnc 503
[16.6.2011 | 11:23:42] /spawnc 502
[16.6.2011 | 11:23:58] /spawnc 502
[16.6.2011 | 11:24:20] /goto 0
[16.6.2011 | 11:24:57] /spawnc ban
[16.6.2011 | 11:26:31] /spawnc bu
[16.6.2011 | 11:26:54] /spawnc inf
[16.6.2011 | 11:27:29] /spawnc inf
[16.6.2011 | 11:27:50] /spawnc inf
[16.6.2011 | 11:28:09] /spawnc bul
[16.6.2011 | 11:28:57] /spawnc bull
[16.6.2011 | 11:51:10] /goto 0
[16.6.2011 | 11:54:06] /spawnc sul
[16.6.2011 | 11:54:33] /spawnc zr
[16.6.2011 | 11:54:58] /spawnc zr
[16.6.2011 | 11:55:16] /spawnc fc
[16.6.2011 | 11:55:31] /spawnc fc
[16.6.2011 | 11:57:39] /spawnc NRG
[16.6.2011 | 11:58:33] /spawnc sla
[16.6.2011 | 11:59:58] /spawnc sa
[16.6.2011 | 12:00:11] /spawnc sabre
[16.6.2011 | 12:00:48] /spawnc pho
[16.6.2011 | 12:06:00] /spawnc bull
[16.6.2011 | 12:06:45] /spawnc bull
[16.6.2011 | 12:07:43] /spawnc tu
[16.6.2011 | 12:08:09] /spawnc tu
[16.6.2011 | 12:08:24] /spawnc tu
[16.6.2011 | 12:09:01] /spawnc NRG
[16.6.2011 | 12:09:21] /spawnc NRG
[16.6.2011 | 12:09:55] /spawnc NRG
[16.6.2011 | 12:10:36] /spawnc tur
[16.6.2011 | 12:12:10] /spawnc Mav
[16.6.2011 | 12:14:16] /spawnc Mav
[16.6.2011 | 12:19:09] /spawnc Turis
[16.6.2011 | 12:19:42] /spawnc Turis
[16.6.2011 | 12:20:25] /spawnc ban
[16.6.2011 | 12:21:29] /spawnc NRG
[16.6.2011 | 12:22:24] /spawnc str
[16.6.2011 | 12:22:57] /spawnc str
[16.6.2011 | 12:23:26] /spawnc str
[16.6.2011 | 12:24:07] /spawnc str
[16.6.2011 | 12:24:40] /spawnc tur
[16.6.2011 | 12:24:53] /spawnc tur
[16.6.2011 | 12:25:18] /spawnc inf
[16.6.2011 | 12:25:31] /spawnc inf
[23.6.2011 | 12:26:15] /spawnc pho
[16.6.2011 | 12:26:59] /spawnc tor
[16.6.2011 | 12:29:01] /spawnc inf
[16.6.2011 | 12:29:51] /spawnc tor
[16.6.2011 | 12:30:41] /spawnc tor
[16.6.2011 | 12:32:34] /spawnc mons
[16.6.2011 | 12:32:57] /spawnc monster b
[16.6.2011 | 12:33:10] /spawnc monster b
[16.6.2011 | 12:33:19] /spawnc monster a
[16.6.2011 | 12:33:34] /spawnc monster a
[16.6.2011 | 12:34:40] /get 0
[16.6.2011 | 12:35:48] /spawnc eleg
[16.6.2011 | 12:36:02] /spawnc eleg
[16.6.2011 | 12:36:16] /spawnc elegy
[16.6.2011 | 12:37:58] /spawnc cl
[16.6.2011 | 12:38:11] /spawnc ban
[16.6.2011 | 12:38:29] /spawnc pho
[16.6.2011 | 12:38:49] /spawnc ele
[16.6.2011 | 12:39:05] /spawnc elegy
[16.6.2011 | 12:39:19] /spawnc j
[16.6.2011 | 12:39:32] /spawnc je
[16.6.2011 | 12:39:45] /spawnc jes
[16.6.2011 | 12:41:09] /spawnc jester
[16.6.2011 | 12:41:31] /spawnc club
[16.6.2011 | 12:42:11] /spawnc club
[16.6.2011 | 12:42:46] /spawnc sand
[17.6.2011 | 10:48:25] /spawnc E
[17.6.2011 | 10:49:07] /spawnc in
[17.6.2011 | 10:50:35] /spawnc inf
[17.6.2011 | 10:51:22] /spawnc zr
[17.6.2011 | 11:07:42] /spawnc sl
[17.6.2011 | 11:07:42] /spawnc sla
[17.6.2011 | 11:09:38] /spawnc zr
[17.6.2011 | 11:10:56] /spawnc Hun
[17.6.2011 | 11:11:10] /spawnc Huntl
[17.6.2011 | 11:11:57] /spawnc inf
[17.6.2011 | 11:12:29] /spawnc ban
[17.6.2011 | 11:12:49] /spawnc ban
[17.6.2011 | 11:15:04] /goto 0
[17.6.2011 | 11:15:15] /goto 0
[17.6.2011 | 11:15:43] /spawnc ban
[17.6.2011 | 11:15:57] /spawnc sul
[17.6.2011 | 11:16:12] /spawnc huntl
[17.6.2011 | 11:17:13] /spawnc mer
[17.6.2011 | 11:17:38] /spawnc meri
[17.6.2011 | 11:18:10] /spawnc fla
[17.6.2011 | 11:18:23] /spawnc flash
[17.6.2011 | 11:18:35] /spawnc sla
[17.6.2011 | 11:19:06] /spawnc ele
[17.6.2011 | 11:19:20] /spawnc ele
[17.6.2011 | 11:19:38] /spawnc eleg
[17.6.2011 | 11:19:48] /spawnc elegy
[17.6.2011 | 11:20:09] /spawnc jes
[17.6.2011 | 11:20:24] /spawnc jester
[17.6.2011 | 11:20:40] /spawnc san
[17.6.2011 | 11:20:57] /spawnc zr
[17.6.2011 | 11:22:54] /spawnc r
[17.6.2011 | 11:23:59] /spawnc Rn
[17.6.2011 | 11:28:02] /spawnc Free
[17.6.2011 | 11:29:04] /spawnc alp
[17.6.2011 | 11:30:40] /spawnc ban
[17.6.2011 | 11:30:54] /spawnc tor
[17.6.2011 | 11:31:16] /spawnc tornado
[17.6.2011 | 11:31:31] /spawnc voo
[17.6.2011 | 12:12:11] /spawnc manana
[17.6.2011 | 12:13:56] /spawnc sult
[17.6.2011 | 12:15:12] /spawnc sup
[17.6.2011 | 12:17:11] /spawnc bull
[17.6.2011 | 12:18:03] /spawnc tu
[17.6.2011 | 12:18:36] /spawnc inf
[17.6.2011 | 12:19:01] /spawnc pho
[17.6.2011 | 12:20:34] /spawnc sand
[17.6.2011 | 12:21:43] /spawnc zr
[17.6.2011 | 12:22:14] /spawnc sla
[17.6.2011 | 12:22:43] /spawnc zr
[18.6.2011 | 17:02:11] /givemoney 0 9999
[18.6.2011 | 17:02:15] /givemoney 0 999999
[18.6.2011 | 17:02:16] /givemoney 0 999999
[18.6.2011 | 17:02:16] /givemoney 0 999999
[18.6.2011 | 17:02:16] /givemoney 0 999999
[18.6.2011 | 17:02:17] /givemoney 0 999999
[18.6.2011 | 17:02:17] /givemoney 0 999999
[18.6.2011 | 17:02:51] /spawnc Club
[18.6.2011 | 17:03:13] /spawnc ele
[18.6.2011 | 17:03:37] /spawnc ban
[18.6.2011 | 17:08:32] /spawnc sul
[18.6.2011 | 17:11:41] /spawnc Fla
[18.6.2011 | 17:11:53] /spawnc Flash
[18.6.2011 | 17:12:57] /spawnc torn
[18.6.2011 | 17:14:29] /spawnc ban
[18.6.2011 | 17:21:07] /spawnc Free
[18.6.2011 | 17:21:25] /spawnc Free
[18.6.2011 | 17:24:02] /spawnc ban
[18.6.2011 | 17:24:22] /spawnc ban
[18.6.2011 | 17:25:42] /spawnc stre
[18.6.2011 | 17:26:16] /spawnc nrg
[18.6.2011 | 17:26:42] /spawnc nrg
[18.6.2011 | 17:33:31] /get 2
[18.6.2011 | 17:35:52] /spawnc com
[18.6.2011 | 17:36:14] /spawnc sulta
[18.6.2011 | 17:36:30] /spawnc sup
[18.6.2011 | 17:36:58] /spawnc ele
[18.6.2011 | 17:37:39] /spawnc Free
[18.6.2011 | 17:37:59] /spawnc flash
[18.6.2011 | 17:38:11] /spawnc ban
[18.6.2011 | 17:39:15] /spawnc Me
[18.6.2011 | 17:39:27] /spawnc Mes
[18.6.2011 | 17:40:02] /spawnc nrg
[18.6.2011 | 17:40:12] /spawnc nrg
[18.6.2011 | 17:40:28] /spawnc elegy
[18.6.2011 | 17:42:10] /spawnc hus
[18.6.2011 | 17:42:50] /spawnc sla
[18.6.2011 | 17:43:32] /spawnc bre
[18.6.2011 | 17:43:57] /spawnc 534
[18.6.2011 | 17:55:08] /spawnc sav
[18.6.2011 | 17:55:25] /spawnc bull
[18.6.2011 | 17:56:30] /spawnc ba
[18.6.2011 | 17:56:43] /spawnc nrg
[18.6.2011 | 17:57:31] /spawnc sup
[18.6.2011 | 17:57:46] /spawnc bu
[18.6.2011 | 17:58:40] /spawnc taho
[18.6.2011 | 17:58:59] /spawnc free
[18.6.2011 | 17:59:31] /spawnc ele
[18.6.2011 | 18:00:58] /spawnc Ranc
[18.6.2011 | 18:01:25] /spawnc ban
[18.6.2011 | 18:44:35] /goto 0
[18.6.2011 | 18:44:39] /goto 1
[18.6.2011 | 18:50:35] /spawnc ban
[18.6.2011 | 18:51:56] /spawnc bull
[18.6.2011 | 18:57:56] /goto 1
[18.6.2011 | 18:58:17] /goto 3
[18.6.2011 | 18:59:24] /goto 1
[18.6.2011 | 19:07:34] /spawnc inf
[18.6.2011 | 19:09:07] /spawnc nrg
[18.6.2011 | 19:10:47] /goto 1
[18.6.2011 | 19:10:49] /goto 1
[18.6.2011 | 19:10:51] /goto 1
[18.6.2011 | 19:11:27] /spawnc nrg
[18.6.2011 | 19:12:37] /spawnc nrg
[18.6.2011 | 19:19:53] /goto 1
[18.6.2011 | 19:19:59] /goto 1
[18.6.2011 | 19:20:00] /goto 1
[18.6.2011 | 19:25:27] /spawnc slamv
[18.6.2011 | 19:26:05] /spawnc pho
[18.6.2011 | 19:26:55] /spawnc zr
[18.6.2011 | 19:28:33] /spawnc elegy
[18.6.2011 | 19:30:45] /spawnc bull
[18.6.2011 | 20:19:38] /goto 0
[18.6.2011 | 20:36:30] /givemoney 2 1
[18.6.2011 | 20:36:34] /givemoney 2 1
[18.6.2011 | 20:36:38] /givemoney 2 1
[18.6.2011 | 20:36:39] /givemoney 2 1
[18.6.2011 | 20:36:39] /givemoney 2 1
[18.6.2011 | 20:36:40] /givemoney 2 1
[18.6.2011 | 20:37:10] /givemoney 2 1000000
[18.6.2011 | 20:37:11] /givemoney 2 1000000
[18.6.2011 | 20:37:11] /givemoney 2 1000000
[18.6.2011 | 20:37:12] /givemoney 2 1000000
[18.6.2011 | 20:37:12] /givemoney 2 1000000
[18.6.2011 | 20:37:13] /givemoney 2 1000000
[18.6.2011 | 20:37:13] /givemoney 2 1000000
[18.6.2011 | 20:37:13] /givemoney 2 1000000
[18.6.2011 | 20:37:14] /givemoney 2 1000000
[18.6.2011 | 20:37:14] /givemoney 2 1000000
[18.6.2011 | 20:37:15] /givemoney 2 1000000
[18.6.2011 | 20:38:53] /givemoney 1 999999
[18.6.2011 | 20:38:54] /givemoney 1 999999
[18.6.2011 | 20:38:54] /givemoney 1 999999
[18.6.2011 | 20:38:54] /givemoney 1 999999
[18.6.2011 | 20:38:55] /givemoney 1 999999
[18.6.2011 | 20:38:55] /givemoney 1 999999
[18.6.2011 | 20:48:37] /get 0
[18.6.2011 | 20:48:43] /goto 0
[18.6.2011 | 20:49:53] /spawnc ban
[18.6.2011 | 20:54:35] /spawnc zr
[18.6.2011 | 20:55:58] /spawnc pho
[18.6.2011 | 21:07:05] /spawnc buf
[18.6.2011 | 21:07:29] /get 2
[18.6.2011 | 21:07:41] /get 2
[18.6.2011 | 21:07:44] /get 2
[18.6.2011 | 21:08:22] /get 2
[18.6.2011 | 21:12:00] /spawnc stu
[18.6.2011 | 21:12:06] /spawnc st
[18.6.2011 | 21:12:26] /spawnc str
[18.6.2011 | 21:13:58] /get 2
[18.6.2011 | 21:17:31] /spawnc su
[18.6.2011 | 21:29:14] /get 3
[18.6.2011 | 22:01:39] /kick Pois0n úéú÷ùø òìéé îçø áùòä 12 
