[13.6.2011 | 12:30:08] /xcmds 
[13.6.2011 | 12:35:06] /givemoney 1 1000000
[13.6.2011 | 12:35:11] /acmds 
[13.6.2011 | 12:35:12] /pcmds 
[13.6.2011 | 12:37:46] /givemoney 1 1000000
[13.6.2011 | 12:41:54] /akill 3
[13.6.2011 | 12:46:37] /get 3
[13.6.2011 | 12:47:14] /get 3
[13.6.2011 | 12:48:02] /givemoney 2 1000000
[13.6.2011 | 12:56:40] /full 
[13.6.2011 | 12:57:59] /full 
[13.6.2011 | 13:05:18] /explode 0
[13.6.2011 | 13:06:28] /explode 0
[13.6.2011 | 13:06:33] /explode 0
[13.6.2011 | 13:06:33] /explode 0
[13.6.2011 | 13:06:34] /explode 0
[13.6.2011 | 13:06:34] /explode 0
[13.6.2011 | 13:06:34] /explode 0
[13.6.2011 | 13:06:35] /explode 0
[13.6.2011 | 13:06:35] /explode 0
[13.6.2011 | 13:06:39] /explode 0
[13.6.2011 | 13:06:39] /explode 0
[13.6.2011 | 13:06:40] /explode 0
[13.6.2011 | 13:06:45] /explode 0
[13.6.2011 | 13:06:45] /explode 0
[13.6.2011 | 13:06:46] /explode 0
[13.6.2011 | 13:06:46] /explode 0
[13.6.2011 | 13:06:49] /akill 0
[13.6.2011 | 13:06:49] /akill 0
[13.6.2011 | 13:06:50] /akill 0
[13.6.2011 | 13:06:50] /akill 0
[13.6.2011 | 13:06:50] /akill 0
[13.6.2011 | 13:07:20] /goto 0
[13.6.2011 | 13:07:32] /goto 0
[13.6.2011 | 13:07:36] /goto 0
[13.6.2011 | 13:08:15] /eject 0
[13.6.2011 | 13:10:56] /givemoney 1 80000
[13.6.2011 | 13:11:10] /goto 2
[13.6.2011 | 13:11:51] /full 
[13.6.2011 | 13:13:16] /giveweapon 1 minigun 10000
[13.6.2011 | 13:13:46] /giveweapon 1 minigun 10000
[13.6.2011 | 13:14:23] /giveweapon 1 minigun 10000
[13.6.2011 | 13:14:25] /goto 0
[13.6.2011 | 13:15:16] /full 
[13.6.2011 | 13:18:30] /goto 0
[13.6.2011 | 13:18:35] /giveweapon 1 minigun 10000
[13.6.2011 | 13:18:38] /giveweapon 1 minigun 10000
[13.6.2011 | 13:18:38] /giveweapon 1 minigun 10000
[13.6.2011 | 13:18:38] /giveweapon 1 minigun 10000
[13.6.2011 | 13:18:38] /giveweapon 1 minigun 10000
[13.6.2011 | 13:18:39] /giveweapon 1 minigun 10000
[13.6.2011 | 13:18:39] /giveweapon 1 minigun 10000
[13.6.2011 | 13:18:49] /gaweapon 38 10000
[13.6.2011 | 13:18:55] /full 
[13.6.2011 | 13:18:59] /full 
[13.6.2011 | 13:18:59] /full 
[13.6.2011 | 13:18:59] /full 
[13.6.2011 | 13:19:00] /full 
[13.6.2011 | 13:19:04] /gaweapon 38 10000
[13.6.2011 | 13:19:41] /goto 0
[13.6.2011 | 13:19:51] /gaweapon 38 10000
[13.6.2011 | 13:19:52] /gaweapon 38 10000
[13.6.2011 | 13:19:52] /gaweapon 38 10000
[13.6.2011 | 13:19:52] /gaweapon 38 10000
[13.6.2011 | 13:20:00] /gaweapon 38 10000
[13.6.2011 | 13:20:00] /gaweapon 38 10000
[13.6.2011 | 13:20:01] /gaweapon 38 10000
[13.6.2011 | 13:20:01] /gaweapon 38 10000
[13.6.2011 | 13:20:04] /goto 0
[13.6.2011 | 13:21:34] /get 3
[13.6.2011 | 13:21:55] /get 2
[13.6.2011 | 13:21:57] /get 2
[13.6.2011 | 13:22:00] /get 2
[13.6.2011 | 13:22:35] /spawnc nrg
[13.6.2011 | 13:22:58] /xcmds 
[13.6.2011 | 13:23:06] /noon 
[13.6.2011 | 13:23:12] /morning 
[13.6.2011 | 13:23:21] /goto 0
[13.6.2011 | 13:24:00] /goto 0
[13.6.2011 | 13:24:09] /get 2
[13.6.2011 | 13:24:17] /get 2
[13.6.2011 | 13:24:18] /get 3
[13.6.2011 | 13:24:22] /get 0
[13.6.2011 | 13:24:44] /cd 2
[13.6.2011 | 13:24:47] /cd 3
[13.6.2011 | 13:25:34] /cd 1000 2
[13.6.2011 | 13:25:41] /goto 0
[13.6.2011 | 13:25:46] /kcd 
[13.6.2011 | 13:25:49] /cd 1000 1
[13.6.2011 | 13:25:53] /kcd 
[13.6.2011 | 13:26:09] /get 2
[13.6.2011 | 13:26:12] /get 2
[13.6.2011 | 13:26:14] /get 2
[13.6.2011 | 13:26:21] /get 2
[13.6.2011 | 13:26:24] /get 3
[13.6.2011 | 13:27:48] /sethp 2 100
[13.6.2011 | 13:28:46] /freeze 2
[13.6.2011 | 13:28:51] /unfreeze aviv
[13.6.2011 | 13:29:49] /giveweapon 1 24 10000
[13.6.2011 | 13:29:50] /giveweapon 1 24 10000
[13.6.2011 | 13:29:50] /giveweapon 1 24 10000
[13.6.2011 | 13:29:50] /giveweapon 1 24 10000
[13.6.2011 | 13:29:50] /giveweapon 1 24 10000
[13.6.2011 | 13:30:37] /get 2
[13.6.2011 | 13:32:08] /flip 
[13.6.2011 | 13:35:35] /get 2
[13.6.2011 | 13:37:53] /flip 
[13.6.2011 | 13:50:04] /goto 0
[13.6.2011 | 13:59:31] /goto 2
[13.6.2011 | 14:00:45] /akill 1
[13.6.2011 | 15:52:27] /flip 
[13.6.2011 | 15:54:12] /goto 0
[13.6.2011 | 15:55:08] /flip 
[13.6.2011 | 15:59:43] /flip 
[13.6.2011 | 16:06:15] /goto 0
[13.6.2011 | 16:11:04] /giveweapon 1 38 10000
[13.6.2011 | 16:11:49] /giveweapon 1 38 10000
[13.6.2011 | 16:13:10] /givemoney 1 1000000
[13.6.2011 | 16:13:10] /givemoney 1 1000000
[13.6.2011 | 16:13:11] /givemoney 1 1000000
[13.6.2011 | 16:13:11] /givemoney 1 1000000
[13.6.2011 | 16:13:11] /givemoney 1 1000000
[13.6.2011 | 16:13:11] /givemoney 1 1000000
[13.6.2011 | 16:13:11] /givemoney 1 1000000
[13.6.2011 | 16:13:12] /givemoney 1 1000000
[13.6.2011 | 16:13:12] /givemoney 1 1000000
[13.6.2011 | 16:13:12] /givemoney 1 1000000
[13.6.2011 | 16:13:12] /givemoney 1 1000000
[13.6.2011 | 16:13:12] /givemoney 1 1000000
[13.6.2011 | 16:13:13] /givemoney 1 1000000
[13.6.2011 | 16:13:13] /givemoney 1 1000000
[13.6.2011 | 16:13:13] /givemoney 1 1000000
[13.6.2011 | 16:13:13] /givemoney 1 1000000
[13.6.2011 | 16:13:13] /givemoney 1 1000000
[13.6.2011 | 16:13:14] /givemoney 1 1000000
[13.6.2011 | 16:13:14] /givemoney 1 1000000
[13.6.2011 | 16:13:14] /givemoney 1 1000000
[13.6.2011 | 16:13:14] /givemoney 1 1000000
[13.6.2011 | 16:13:15] /givemoney 1 1000000
[13.6.2011 | 16:13:15] /givemoney 1 1000000
[13.6.2011 | 16:13:15] /givemoney 1 1000000
[13.6.2011 | 16:13:15] /givemoney 1 1000000
[13.6.2011 | 16:13:16] /givemoney 1 1000000
[13.6.2011 | 16:13:16] /givemoney 1 1000000
[13.6.2011 | 16:13:16] /givemoney 1 1000000
[13.6.2011 | 16:13:16] /givemoney 1 1000000
[13.6.2011 | 16:13:16] /givemoney 1 1000000
[13.6.2011 | 16:13:17] /givemoney 1 1000000
[13.6.2011 | 16:13:17] /givemoney 1 1000000
[13.6.2011 | 16:13:17] /givemoney 1 1000000
[13.6.2011 | 16:13:18] /givemoney 1 1000000
[13.6.2011 | 16:13:18] /givemoney 1 1000000
[13.6.2011 | 16:13:18] /givemoney 1 1000000
[13.6.2011 | 16:13:19] /givemoney 1 1000000
[13.6.2011 | 16:13:19] /givemoney 1 1000000
[13.6.2011 | 16:13:19] /givemoney 1 1000000
[13.6.2011 | 16:13:19] /givemoney 1 1000000
[13.6.2011 | 16:13:20] /givemoney 1 1000000
[13.6.2011 | 16:13:20] /givemoney 1 1000000
[13.6.2011 | 16:13:20] /givemoney 1 1000000
[13.6.2011 | 16:13:20] /givemoney 1 1000000
[13.6.2011 | 16:13:21] /givemoney 1 1000000
[13.6.2011 | 16:13:22] /givemoney 1 1000000
[13.6.2011 | 16:13:23] /givemoney 1 1000000
[13.6.2011 | 16:13:23] /givemoney 1 1000000
[13.6.2011 | 16:14:07] /givemoney 1 1000000
[13.6.2011 | 16:14:08] /givemoney 1 1000000
[13.6.2011 | 16:14:08] /givemoney 1 1000000
[13.6.2011 | 16:14:08] /givemoney 1 1000000
[13.6.2011 | 16:14:08] /givemoney 1 1000000
[13.6.2011 | 16:14:09] /givemoney 1 1000000
[13.6.2011 | 16:14:09] /givemoney 1 1000000
[13.6.2011 | 16:14:09] /givemoney 1 1000000
[13.6.2011 | 16:14:09] /givemoney 1 1000000
[13.6.2011 | 16:14:09] /givemoney 1 1000000
[13.6.2011 | 16:14:10] /givemoney 1 1000000
[13.6.2011 | 16:14:10] /givemoney 1 1000000
[13.6.2011 | 16:14:11] /givemoney 1 1000000
[13.6.2011 | 16:14:11] /givemoney 1 1000000
[13.6.2011 | 16:14:11] /givemoney 1 1000000
[13.6.2011 | 16:14:11] /givemoney 1 1000000
[13.6.2011 | 16:14:11] /givemoney 1 1000000
[13.6.2011 | 16:14:12] /givemoney 1 1000000
[13.6.2011 | 16:14:12] /givemoney 1 1000000
[13.6.2011 | 16:14:12] /givemoney 1 1000000
[13.6.2011 | 16:14:13] /givemoney 1 1000000
[13.6.2011 | 16:14:13] /givemoney 1 1000000
[13.6.2011 | 16:14:13] /givemoney 1 1000000
[13.6.2011 | 16:14:13] /givemoney 1 1000000
[13.6.2011 | 16:14:13] /givemoney 1 1000000
[13.6.2011 | 16:14:14] /givemoney 1 1000000
[13.6.2011 | 16:14:14] /givemoney 1 1000000
[13.6.2011 | 16:14:14] /givemoney 1 1000000
[13.6.2011 | 16:14:14] /givemoney 1 1000000
[13.6.2011 | 16:14:15] /givemoney 1 1000000
[13.6.2011 | 16:14:15] /givemoney 1 1000000
[13.6.2011 | 16:14:15] /givemoney 1 1000000
[13.6.2011 | 16:14:16] /givemoney 1 1000000
[13.6.2011 | 16:14:16] /givemoney 1 1000000
[13.6.2011 | 16:14:18] /givemoney 1 1000000
[13.6.2011 | 16:14:18] /givemoney 1 1000000
[13.6.2011 | 16:14:19] /givemoney 1 1000000
[13.6.2011 | 16:14:19] /givemoney 1 1000000
[13.6.2011 | 16:14:19] /givemoney 1 1000000
[13.6.2011 | 16:14:20] /givemoney 1 1000000
[13.6.2011 | 16:14:20] /givemoney 1 1000000
[13.6.2011 | 16:14:20] /givemoney 1 1000000
[13.6.2011 | 16:14:20] /givemoney 1 1000000
[13.6.2011 | 16:14:20] /givemoney 1 1000000
[13.6.2011 | 16:14:21] /givemoney 1 1000000
[13.6.2011 | 16:14:21] /givemoney 1 1000000
[13.6.2011 | 16:14:21] /givemoney 1 1000000
[13.6.2011 | 16:14:22] /givemoney 1 1000000
[13.6.2011 | 16:14:22] /givemoney 1 1000000
[13.6.2011 | 16:14:23] /givemoney 1 1000000
[13.6.2011 | 16:14:39] /goto 0
[13.6.2011 | 16:15:07] /givemoney 1 1000000
[13.6.2011 | 16:15:08] /givemoney 1 1000000
[13.6.2011 | 16:15:08] /givemoney 1 1000000
[13.6.2011 | 16:15:08] /givemoney 1 1000000
[13.6.2011 | 16:15:08] /givemoney 1 1000000
[13.6.2011 | 16:15:08] /givemoney 1 1000000
[13.6.2011 | 16:15:09] /givemoney 1 1000000
[13.6.2011 | 16:15:09] /givemoney 1 1000000
[13.6.2011 | 16:15:09] /givemoney 1 1000000
[13.6.2011 | 16:15:09] /givemoney 1 1000000
[13.6.2011 | 16:15:10] /givemoney 1 1000000
[13.6.2011 | 16:15:10] /givemoney 1 1000000
[13.6.2011 | 16:15:10] /givemoney 1 1000000
[13.6.2011 | 16:15:10] /givemoney 1 1000000
[13.6.2011 | 16:15:10] /givemoney 1 1000000
[13.6.2011 | 16:15:11] /givemoney 1 1000000
[13.6.2011 | 16:15:11] /givemoney 1 1000000
[13.6.2011 | 16:15:11] /givemoney 1 1000000
[13.6.2011 | 16:15:12] /givemoney 1 1000000
[13.6.2011 | 16:15:12] /givemoney 1 1000000
[13.6.2011 | 16:15:12] /givemoney 1 1000000
[13.6.2011 | 16:15:13] /givemoney 1 1000000
[13.6.2011 | 16:15:13] /givemoney 1 1000000
[13.6.2011 | 16:15:13] /givemoney 1 1000000
[13.6.2011 | 16:15:14] /givemoney 1 1000000
[13.6.2011 | 16:15:14] /givemoney 1 1000000
[13.6.2011 | 16:15:19] /gamoney 1000000
[13.6.2011 | 16:16:28] /goto 0
[13.6.2011 | 16:17:03] /eject 1
[13.6.2011 | 16:20:45] /ca 
[13.6.2011 | 16:20:52] /c 
[13.6.2011 | 16:21:01] /c 1
[13.6.2011 | 16:21:03] /ca 
[13.6.2011 | 16:21:44] /ann Hilbe
[13.6.2011 | 16:22:05] /ann áåà
[13.6.2011 | 16:23:10] /ann /Spawnc Lspd
[13.6.2011 | 16:23:17] /spawnc lspd
[13.6.2011 | 16:23:44] /vr 
[13.6.2011 | 16:23:45] /vr 1
[13.6.2011 | 16:25:18] /spawnc police
[13.6.2011 | 16:27:02] /spawnc police
[13.6.2011 | 16:32:35] /setskin 1 287
[13.6.2011 | 16:32:41] /setskin 1 286
[13.6.2011 | 16:32:43] /setskin 1 284
[13.6.2011 | 16:32:46] /setskin 1 282
[13.6.2011 | 16:33:04] /carcolor 0
[13.6.2011 | 16:33:16] /spawnc police
[13.6.2011 | 16:39:01] /spawnc lspd
[13.6.2011 | 16:39:06] /carcolor 1
[13.6.2011 | 16:40:30] /giveweapon 1 colt 10000
[13.6.2011 | 16:50:41] /spawnc sultan
[13.6.2011 | 16:51:50] /giveweapon 0 minigun 10000
[13.6.2011 | 16:52:06] /carcolor 0
[13.6.2011 | 16:52:11] /carcolor 0
[13.6.2011 | 16:53:03] /ann /spawnc lspd
[13.6.2011 | 16:53:05] /ann /spawnc lspd
[13.6.2011 | 16:53:11] /ann /spawnc lspd
[13.6.2011 | 16:53:21] /ann èåôø
[13.6.2011 | 17:00:19] /ann /cs t
[13.6.2011 | 17:00:57] /giveweapon 1 sniper 10000
[13.6.2011 | 17:03:08] /goto 0
[13.6.2011 | 17:04:43] /goto 3
[13.6.2011 | 17:09:22] /givemoney 1 2000
[13.6.2011 | 17:10:34] /goto 0
[13.6.2011 | 17:12:03] /spawnc sultan
[13.6.2011 | 17:12:16] /givemoney 1 2000
[13.6.2011 | 17:14:14] /givemoney 1 100000
[13.6.2011 | 17:14:49] /full 
[13.6.2011 | 17:14:51] /xcmds 
[13.6.2011 | 17:15:25] /giveweapon 1 grenade 10000
[13.6.2011 | 17:15:53] /giveweapon 1 grenade 10000
[13.6.2011 | 17:19:46] /givemoney 1 10000
[13.6.2011 | 17:19:58] /goto 3
[13.6.2011 | 17:20:55] /givemoney 1 10000
[13.6.2011 | 17:20:55] /givemoney 1 10000
[13.6.2011 | 17:20:56] /givemoney 1 10000
[13.6.2011 | 17:20:56] /givemoney 1 10000
[13.6.2011 | 17:20:56] /givemoney 1 10000
[13.6.2011 | 17:20:56] /givemoney 1 10000
[13.6.2011 | 17:20:56] /givemoney 1 10000
[13.6.2011 | 17:20:57] /givemoney 1 10000
[13.6.2011 | 17:20:57] /givemoney 1 10000
[13.6.2011 | 17:20:57] /givemoney 1 10000
[13.6.2011 | 17:20:57] /givemoney 1 10000
[13.6.2011 | 17:20:58] /givemoney 1 10000
[13.6.2011 | 17:20:58] /givemoney 1 10000
[13.6.2011 | 17:20:59] /givemoney 1 10000
[13.6.2011 | 17:20:59] /givemoney 1 10000
[13.6.2011 | 17:21:00] /givemoney 1 10000
[13.6.2011 | 17:21:01] /givemoney 1 10000
[13.6.2011 | 17:21:01] /givemoney 1 10000
[13.6.2011 | 17:21:01] /givemoney 1 10000
[13.6.2011 | 17:21:02] /givemoney 1 10000
[13.6.2011 | 17:21:02] /givemoney 1 10000
[13.6.2011 | 17:21:03] /givemoney 1 10000
[13.6.2011 | 17:21:04] /givemoney 1 10000
[13.6.2011 | 17:21:22] /goto 0
[13.6.2011 | 17:21:52] /spawnc jester
[13.6.2011 | 17:22:29] /givemoney 0 1
[13.6.2011 | 17:22:34] /givemoney 1 1000000
[13.6.2011 | 17:22:35] /givemoney 1 1000000
[13.6.2011 | 17:22:35] /givemoney 1 1000000
[13.6.2011 | 17:22:43] /ann spawnc
[13.6.2011 | 17:23:08] /givemoney 1 1000000
[13.6.2011 | 17:23:15] /goto 0
[13.6.2011 | 17:24:05] /givemoney 1 1000000
[13.6.2011 | 17:24:49] /givemoney 1 1000000
[13.6.2011 | 17:25:56] /givemoney 1 100000
[13.6.2011 | 19:00:55] /full 
[13.6.2011 | 19:01:10] /akill 0
[13.6.2011 | 19:01:14] /akill 0
[13.6.2011 | 19:01:15] /akill 0
[13.6.2011 | 19:01:17] /akill 0
[13.6.2011 | 19:03:48] /spawnc rhino
[13.6.2011 | 19:04:41] /spawnc nrg
[13.6.2011 | 19:04:55] /spawnc hunter
[13.6.2011 | 19:05:15] /spawnc hunter
[13.6.2011 | 19:05:48] /god 
[13.6.2011 | 19:05:53] /spawnc tank
[13.6.2011 | 19:07:22] /god 
[13.6.2011 | 19:11:17] /xspec 0
[13.6.2011 | 19:11:28] /xspec off
[13.6.2011 | 19:22:06] /goto 0
[13.6.2011 | 20:09:45] /ann Hi
[13.6.2011 | 20:16:15] /spawnc nrg
[13.6.2011 | 20:19:32] /spawnc nrg
[13.6.2011 | 20:29:49] /get 1
[13.6.2011 | 20:44:17] /spawnc buffalo
[13.6.2011 | 20:46:41] /givemoney 2 1000000
[13.6.2011 | 21:06:56] /spawnc nrg
[13.6.2011 | 21:07:30] /spawnc nrg
[13.6.2011 | 21:08:32] /goto 0
[13.6.2011 | 21:09:58] /full 
[13.6.2011 | 21:12:51] /spawnc nrg
[14.6.2011 | 14:38:49] /spawnc elegy
[14.6.2011 | 14:55:07] /get 3
[14.6.2011 | 14:55:11] /get 0
[14.6.2011 | 19:24:33] /akill 1
[14.6.2011 | 19:24:37] /get 1
[14.6.2011 | 19:24:57] /get 1
[14.6.2011 | 19:26:02] /goto 0
[14.6.2011 | 19:28:08] /flip 
[14.6.2011 | 19:28:32] /get 1
[14.6.2011 | 19:28:39] /get 1
[14.6.2011 | 19:28:43] /get 1
[14.6.2011 | 19:28:43] /get 1
[14.6.2011 | 19:28:43] /get 1
[14.6.2011 | 19:28:54] /get 1
[14.6.2011 | 19:29:55] /spawnc packer
[14.6.2011 | 19:30:33] /get 1
[14.6.2011 | 19:30:37] /goto 1
[14.6.2011 | 19:31:06] /get 1
[14.6.2011 | 19:31:12] /spawnc elegy
[14.6.2011 | 19:32:40] /spawnc rhino
[14.6.2011 | 19:34:46] /get 1
[14.6.2011 | 19:37:33] /get 1
[14.6.2011 | 19:37:47] /spawnc bandit
[14.6.2011 | 19:38:45] /goto 0
[14.6.2011 | 19:39:18] /eject 2
[14.6.2011 | 19:39:26] /goto 0
[14.6.2011 | 19:40:08] /get 1
[14.6.2011 | 19:40:13] /goto 0
[14.6.2011 | 19:40:29] /spawnc hunter
[14.6.2011 | 19:40:38] /get 1
[14.6.2011 | 19:40:54] /goto 0
[14.6.2011 | 19:41:20] /goto 0
[14.6.2011 | 19:42:07] /goto 0
[14.6.2011 | 19:43:02] /goto 0
[14.6.2011 | 19:43:52] /goto 0
[14.6.2011 | 19:43:54] /goto 0
[14.6.2011 | 19:43:54] /goto 0
[14.6.2011 | 19:43:54] /goto 0
[14.6.2011 | 19:43:55] /goto 0
[14.6.2011 | 19:43:55] /goto 0
[14.6.2011 | 19:43:55] /goto 0
[14.6.2011 | 19:43:55] /goto 0
[14.6.2011 | 19:43:56] /goto 0
[14.6.2011 | 19:43:56] /goto 0
[14.6.2011 | 19:43:57] /goto 0
[14.6.2011 | 19:45:01] /goto 0
[14.6.2011 | 19:45:03] /goto 0
[14.6.2011 | 19:45:31] /goto 0
[14.6.2011 | 19:45:51] /goto 0
[14.6.2011 | 19:46:04] /get 1
[14.6.2011 | 20:26:58] /givemoney 1 1000000
[14.6.2011 | 20:26:59] /givemoney 1 1000000
[14.6.2011 | 20:26:59] /givemoney 1 1000000
[14.6.2011 | 20:27:00] /givemoney 1 1000000
[14.6.2011 | 20:27:00] /givemoney 1 1000000
[14.6.2011 | 20:27:01] /givemoney 1 1000000
[14.6.2011 | 20:27:01] /givemoney 1 1000000
[14.6.2011 | 20:27:02] /givemoney 1 1000000
[14.6.2011 | 20:27:02] /givemoney 1 1000000
[14.6.2011 | 20:27:03] /givemoney 1 1000000
[14.6.2011 | 20:27:20] /givemoney 1 1000000
[14.6.2011 | 20:27:25] /givemoney 1 1000000
[14.6.2011 | 20:27:26] /givemoney 1 1000000
[14.6.2011 | 20:27:27] /givemoney 1 1000000
[14.6.2011 | 20:27:28] /givemoney 1 1000000
[14.6.2011 | 20:27:28] /givemoney 1 1000000
[14.6.2011 | 20:27:29] /givemoney 1 1000000
[14.6.2011 | 20:27:30] /givemoney 1 1000000
[14.6.2011 | 20:27:30] /givemoney 1 1000000
[14.6.2011 | 20:27:31] /givemoney 1 1000000
[14.6.2011 | 20:28:08] /givemoney 1 1000000
[14.6.2011 | 20:28:09] /givemoney 1 1000000
[14.6.2011 | 20:36:57] /spawnc club
[14.6.2011 | 20:38:46] /flip 
[14.6.2011 | 20:43:27] /spawnc savanna
[14.6.2011 | 20:50:07] /givemoney 1 1000000
[14.6.2011 | 20:50:08] /givemoney 1 1000000
[14.6.2011 | 20:50:09] /givemoney 1 1000000
[14.6.2011 | 20:50:09] /givemoney 1 1000000
[14.6.2011 | 20:50:10] /givemoney 1 1000000
[14.6.2011 | 20:50:10] /givemoney 1 1000000
[14.6.2011 | 20:50:11] /givemoney 1 1000000
[14.6.2011 | 20:50:11] /givemoney 1 1000000
[14.6.2011 | 20:50:12] /givemoney 1 1000000
[14.6.2011 | 20:50:12] /givemoney 1 1000000
[14.6.2011 | 20:50:12] /givemoney 1 1000000
[14.6.2011 | 20:53:52] /akill 2
[14.6.2011 | 20:53:54] /akill 2
[14.6.2011 | 20:53:55] /akill 2
[15.6.2011 | 20:27:46] /xcmds 
[15.6.2011 | 20:48:34] /pcmds 
[15.6.2011 | 20:48:38] /acmds 
[15.6.2011 | 20:51:47] /givemoney 1 200000
[15.6.2011 | 22:30:35] /spawnc elegy
[15.6.2011 | 22:31:42] /spawnc mons
[15.6.2011 | 22:31:52] /spawnc mons
[15.6.2011 | 22:32:10] /spawnc mons
[15.6.2011 | 22:32:16] /vr 
[15.6.2011 | 22:34:41] /goto 0
[18.6.2011 | 17:09:35] /goto 0
[18.6.2011 | 17:12:03] /goto 0
[18.6.2011 | 17:12:23] /goto 0
[18.6.2011 | 17:20:09] /goto 0
[18.6.2011 | 17:22:25] /goto 0
[18.6.2011 | 17:24:55] /goto 0
[18.6.2011 | 17:25:40] /goto 0
[18.6.2011 | 17:26:33] /spawnc nrg
[18.6.2011 | 17:27:40] /spawnc nrg
[18.6.2011 | 17:28:13] /spawnc nrg
[18.6.2011 | 17:28:24] /spawnc nrg
[18.6.2011 | 17:31:38] /goto 0
[18.6.2011 | 17:33:25] /spawnc nrg
[18.6.2011 | 17:34:09] /spawnc voodoo
[18.6.2011 | 17:34:48] /spawnd 
[18.6.2011 | 17:34:55] /spawnc voodoo
[18.6.2011 | 17:35:13] /xcmds 
[18.6.2011 | 17:42:01] /goto 0
[18.6.2011 | 17:43:19] /goto 0
[18.6.2011 | 17:46:19] /goto 0
[18.6.2011 | 17:55:21] /goto 0
[18.6.2011 | 18:01:42] /goto 0
[18.6.2011 | 18:03:07] /spawnc police
[18.6.2011 | 18:04:02] /goto 0
[18.6.2011 | 18:04:13] /goto 0
[18.6.2011 | 18:05:26] /goto 0
[18.6.2011 | 18:06:45] /spawnc lspd
[18.6.2011 | 18:07:04] /spawnc sfpd
[18.6.2011 | 18:07:19] /goto 0
[18.6.2011 | 18:07:24] /goto 0
[18.6.2011 | 18:09:42] /carcolor 0 1
[18.6.2011 | 18:10:38] /spawnc police
[18.6.2011 | 18:12:11] /goto 0
[18.6.2011 | 18:12:19] /goto 0
[18.6.2011 | 18:12:48] /goto 0
[18.6.2011 | 18:12:51] /goto 0
[18.6.2011 | 18:12:52] /goto 0
[18.6.2011 | 18:12:54] /goto 0
[18.6.2011 | 18:30:23] /goto 0
[18.6.2011 | 18:30:27] /goto 0
[18.6.2011 | 18:31:53] /goto 0
[18.6.2011 | 18:35:33] /spawnc elegy
[18.6.2011 | 18:39:04] /spawnc infernus
[18.6.2011 | 18:39:33] /spawnc alpha
[18.6.2011 | 18:39:49] /spawnc tahoma
[18.6.2011 | 18:40:07] /spawnc turismo
[18.6.2011 | 18:41:45] /goto 0
[18.6.2011 | 18:41:57] /goto 2
[18.6.2011 | 18:43:41] /goto 0
[18.6.2011 | 18:50:03] /goto 2
[18.6.2011 | 18:59:50] /spawnc turismo
[18.6.2011 | 19:00:14] /spawnc sultan
[18.6.2011 | 19:00:40] /spawnc ele
[18.6.2011 | 19:01:50] /spawnc sultan
[18.6.2011 | 19:03:11] /goto 0
[18.6.2011 | 19:03:20] /goto 0
[18.6.2011 | 19:03:22] /goto 0
[18.6.2011 | 19:03:30] /goto 2
[18.6.2011 | 19:05:25] /full 
[18.6.2011 | 19:05:34] /spawnc zr-3
[18.6.2011 | 19:07:01] /spawnc infernus
[18.6.2011 | 19:07:17] /spawnd 
[18.6.2011 | 19:07:31] /spawnc inf
[18.6.2011 | 19:08:22] /goto 2
[18.6.2011 | 19:10:17] /spawnc nrg
[18.6.2011 | 19:10:35] /goto 2
[18.6.2011 | 19:15:06] /goto 2
[18.6.2011 | 19:16:10] /goto 2
[18.6.2011 | 19:16:44] /spawnc sfpd
[18.6.2011 | 19:18:32] /goto 2
[18.6.2011 | 19:20:17] /goto 2
[18.6.2011 | 19:21:21] /goto 2
[18.6.2011 | 19:21:22] /goto 2
[18.6.2011 | 19:23:42] /goto 2
[18.6.2011 | 19:24:40] /goto 2
[18.6.2011 | 19:25:17] /goto 2
[18.6.2011 | 19:25:51] /goto 2
[18.6.2011 | 19:27:13] /spawnc inf
[18.6.2011 | 19:28:20] /spawnc bullet
[18.6.2011 | 19:28:26] /carcolor 2 1
[18.6.2011 | 19:28:32] /carcolor 7 9
[18.6.2011 | 19:28:36] /carcolor 1 1
[18.6.2011 | 19:28:38] /carcolor 1 2
[18.6.2011 | 19:28:40] /carcolor 1 6
[18.6.2011 | 19:28:46] /carcolor 1 3
[18.6.2011 | 19:29:11] /goto 2
[18.6.2011 | 19:29:53] /spawnc turismo
[18.6.2011 | 19:30:03] /carcolor 2 1
[18.6.2011 | 19:30:07] /carcolor 3
[18.6.2011 | 19:30:09] /carcolor 4
[18.6.2011 | 19:30:10] /carcolor 5
[18.6.2011 | 19:30:11] /carcolor 7
[18.6.2011 | 19:30:12] /carcolor 8
[18.6.2011 | 19:30:14] /carcolor 9
[18.6.2011 | 19:30:15] /carcolor 0
[18.6.2011 | 19:30:18] /carcolor 15
[18.6.2011 | 19:30:28] /carcolor 1
[18.6.2011 | 19:30:29] /carcolor 2
[18.6.2011 | 19:30:30] /carcolor 3
[18.6.2011 | 20:36:56] /goto 0
[18.6.2011 | 20:36:59] /goto 1
[18.6.2011 | 20:38:38] /flip 
[18.6.2011 | 20:50:11] /spawnc ban
[18.6.2011 | 20:51:15] /goto 1
[18.6.2011 | 20:54:52] /goto 1
[18.6.2011 | 20:55:13] /spawnc freeway
[18.6.2011 | 20:56:14] /spawnc pizza
[18.6.2011 | 20:56:20] /spawnc pizza
[18.6.2011 | 20:56:37] /spawnc pizza
[18.6.2011 | 20:56:46] /spawnc pizza
[18.6.2011 | 20:56:57] /spawnc pizza
[18.6.2011 | 20:57:13] /spawnc pizza
[18.6.2011 | 20:58:46] /goto 1
[18.6.2011 | 20:59:15] /spawnc elegy
[18.6.2011 | 20:59:23] /carcolor 1
[18.6.2011 | 20:59:25] /carcolor 3
[18.6.2011 | 20:59:28] /carcolor 7
[18.6.2011 | 20:59:54] /spawnc uranus
[18.6.2011 | 21:00:00] /carcolor 2 2
[18.6.2011 | 21:00:02] /carcolor 2 4
[18.6.2011 | 21:00:05] /carcolor 2 6
[18.6.2011 | 21:00:08] /carcolor 7
[18.6.2011 | 21:00:10] /carcolor 9
[18.6.2011 | 21:00:12] /carcolor 1
[18.6.2011 | 21:00:14] /carcolor 2
[18.6.2011 | 21:00:22] /carcolor 79
[18.6.2011 | 21:00:25] /carcolor 72
[18.6.2011 | 21:00:27] /carcolor 71
[18.6.2011 | 21:00:30] /carcolor 70
[18.6.2011 | 21:00:46] /spawnc fcr
[18.6.2011 | 21:01:16] /spawnc inf
[18.6.2011 | 21:01:28] /carcolor 2
[18.6.2011 | 21:01:30] /carcolor 4
[18.6.2011 | 21:01:33] /carcolor 5
[18.6.2011 | 21:01:40] /carcolor 5
[18.6.2011 | 21:01:41] /carcolor 6
[18.6.2011 | 21:01:56] /spawnc 401
[18.6.2011 | 21:02:04] /carcolor 3
[18.6.2011 | 21:02:06] /carcolor 7
[18.6.2011 | 21:02:20] /spawnc alpha
[18.6.2011 | 21:03:20] /spawnc hp
[18.6.2011 | 21:03:35] /spawnc i
[18.6.2011 | 21:05:02] /spawnc green
[18.6.2011 | 21:05:16] /spawnc comet
[18.6.2011 | 21:05:31] /spawnc el
[18.6.2011 | 21:06:30] /spawnc train
[18.6.2011 | 21:08:23] /goto 1
[18.6.2011 | 21:08:45] /spawnc nrg
[18.6.2011 | 21:09:05] /spawnc fcr
[18.6.2011 | 21:09:32] /spawnc nrg
[18.6.2011 | 21:09:53] /spawnc mo
[18.6.2011 | 21:10:26] /spawnc s
[18.6.2011 | 21:10:34] /carcolor 1
[18.6.2011 | 21:10:41] /carcolor 2
[18.6.2011 | 21:10:43] /carcolor 2 1
[18.6.2011 | 21:10:51] /carcolor 4
[18.6.2011 | 21:10:53] /carcolor 6
[18.6.2011 | 21:11:16] /spawnc e
[18.6.2011 | 21:11:27] /spawnc l
[18.6.2011 | 21:11:42] /spawnc o
[18.6.2011 | 21:11:58] /spawnc q
[18.6.2011 | 21:12:14] /spawnc t
[18.6.2011 | 21:12:25] /spawnc w
[18.6.2011 | 21:12:59] /spawnc stre
[18.6.2011 | 21:15:09] /spawnc ua
[18.6.2011 | 21:18:50] /givemoney 3 1000000
[18.6.2011 | 21:18:50] /givemoney 3 1000000
[18.6.2011 | 21:18:50] /givemoney 3 1000000
[18.6.2011 | 21:18:50] /givemoney 3 1000000
[18.6.2011 | 21:18:51] /givemoney 3 1000000
[18.6.2011 | 21:18:51] /givemoney 3 1000000
[18.6.2011 | 21:18:52] /givemoney 3 1000000
[18.6.2011 | 21:18:52] /givemoney 3 1000000
[18.6.2011 | 21:18:52] /givemoney 3 1000000
[18.6.2011 | 21:18:52] /givemoney 3 1000000
[18.6.2011 | 21:18:53] /givemoney 3 1000000
[18.6.2011 | 21:18:53] /givemoney 3 1000000
[18.6.2011 | 21:18:53] /givemoney 3 1000000
[18.6.2011 | 21:18:53] /givemoney 3 1000000
[18.6.2011 | 21:18:53] /givemoney 3 1000000
[18.6.2011 | 21:18:54] /givemoney 3 1000000
[18.6.2011 | 21:18:54] /givemoney 3 1000000
[18.6.2011 | 21:18:54] /givemoney 3 1000000
[18.6.2011 | 21:18:55] /givemoney 3 1000000
[18.6.2011 | 21:18:55] /givemoney 3 1000000
[18.6.2011 | 21:18:55] /givemoney 3 1000000
[18.6.2011 | 21:18:55] /givemoney 3 1000000
[18.6.2011 | 21:18:56] /givemoney 3 1000000
[18.6.2011 | 21:18:56] /givemoney 3 1000000
[18.6.2011 | 21:18:56] /givemoney 3 1000000
[18.6.2011 | 21:18:56] /givemoney 3 1000000
[18.6.2011 | 21:19:00] /givemoney 3 1000000
[18.6.2011 | 21:54:38] /spawnc dozer
[18.6.2011 | 21:54:51] /spawnc dozer
[18.6.2011 | 21:55:04] /spawnc dozer
[18.6.2011 | 21:56:37] /ann Hilbe
[18.6.2011 | 21:56:41] /ann Hilbe
[18.6.2011 | 21:56:44] /ann Hilbe
[18.6.2011 | 21:56:54] /ann Hilbe
[18.6.2011 | 21:56:55] /ann Hilbe
[18.6.2011 | 21:56:55] /ann Hilbe
[18.6.2011 | 21:56:56] /ann Hilbe
[18.6.2011 | 21:56:56] /ann Hilbe
[18.6.2011 | 21:56:56] /ann Hilbe
[18.6.2011 | 21:56:57] /ann Hilbe
[18.6.2011 | 21:56:57] /ann Hilbe
[18.6.2011 | 21:56:57] /ann Hilbe
[18.6.2011 | 21:56:57] /ann Hilbe
[18.6.2011 | 21:56:58] /ann Hilbe
[18.6.2011 | 21:57:17] /ann ~R~D
[18.6.2011 | 21:57:30] /ann ~R~Hilbe
[18.6.2011 | 21:59:34] /ann ~R~Snir ~B~ Ohel ~Y~ Hilbe
[18.6.2011 | 21:59:38] /ann ~R~Snir ~B~ Ohel ~Y~ Hilbe
[18.6.2011 | 21:59:50] /ann ~R~Snir ~B~ Ohel ~Y~ Hilbe
[18.6.2011 | 21:59:59] /ann ~R~Elior ~B~ Ohel ~Y~ Hilbe
[18.6.2011 | 22:00:14] /ann ~R~Elior ~B~ Ohel ~Y~ Hilbe
[18.6.2011 | 22:01:17] /ann ~R~Elior ~B~ Ohel ~Y~ Hilbe
[18.6.2011 | 22:01:23] /ann ~R~Elior ~B~ Ohel ~Y~ Hilbe
[18.6.2011 | 22:01:33] /ann ~R~Elior ~B~ Ohel ~Y~ Hilbe
[18.6.2011 | 22:01:37] /ann ~R~Elior ~B~ Ohel ~Y~ Hilbe
[18.6.2011 | 22:01:41] /ann ~R~Elior ~B~ Ohel ~Y~ Hilbe
[18.6.2011 | 22:01:57] /ann ~R~Elior ~B~ Ohel ~Y~ Hilbe
[18.6.2011 | 22:02:31] /ann ~R~Elior ~B~ Ohel ~Y~ Hilbe
[18.6.2011 | 22:02:32] /ann ~R~Elior ~B~ Ohel ~Y~ Hilbe
[18.6.2011 | 22:02:32] /ann ~R~Elior ~B~ Ohel ~Y~ Hilbe
[18.6.2011 | 22:02:33] /ann ~R~Elior ~B~ Ohel ~Y~ Hilbe
[18.6.2011 | 22:02:33] /ann ~R~Elior ~B~ Ohel ~Y~ Hilbe
[18.6.2011 | 22:02:33] /ann ~R~Elior ~B~ Ohel ~Y~ Hilbe
[18.6.2011 | 22:02:33] /ann ~R~Elior ~B~ Ohel ~Y~ Hilbe
[18.6.2011 | 22:02:33] /ann ~R~Elior ~B~ Ohel ~Y~ Hilbe
[18.6.2011 | 22:02:34] /ann ~R~Elior ~B~ Ohel ~Y~ Hilbe
[18.6.2011 | 22:02:34] /ann ~R~Elior ~B~ Ohel ~Y~ Hilbe
[18.6.2011 | 22:02:34] /ann ~R~Elior ~B~ Ohel ~Y~ Hilbe
[18.6.2011 | 22:03:39] /carcolor 1
[18.6.2011 | 22:03:42] /carcolor 2
[18.6.2011 | 22:03:42] /carcolor 3
[18.6.2011 | 22:03:45] /carcolor 4
[18.6.2011 | 22:03:46] /carcolor 5
[18.6.2011 | 22:03:51] /carcolor 6
[18.6.2011 | 22:03:52] /carcolor 67
[18.6.2011 | 22:03:54] /carcolor 67
[18.6.2011 | 22:03:56] /carcolor 67
[18.6.2011 | 22:03:57] /carcolor 6
[18.6.2011 | 22:03:58] /carcolor 67
[18.6.2011 | 22:03:59] /carcolor 67
[18.6.2011 | 22:04:02] /carcolor 6
[18.6.2011 | 22:04:53] /goto 3
[18.6.2011 | 22:05:28] /spawnc turismo
