[10.6.2011 | 19:10:52] /spawnc bob
[10.6.2011 | 19:12:36] /carcolor 126 126
[10.6.2011 | 19:14:48] /spawnc 451
[10.6.2011 | 19:14:53] /spawnc 456
[10.6.2011 | 19:14:56] /spawnc 459
[10.6.2011 | 19:15:00] /spawnc 458
[10.6.2011 | 19:15:04] /spawnc 448
[10.6.2011 | 19:15:09] /spawnc 521
[10.6.2011 | 19:15:12] /spawnc 526
[10.6.2011 | 19:15:15] /spawnc 527
[10.6.2011 | 19:15:22] /spawnc 528
[10.6.2011 | 19:15:27] /spawnc 529
[10.6.2011 | 19:15:33] /spawnc 568
[10.6.2011 | 19:15:37] /spawnc 567
[10.6.2011 | 19:16:51] /carcolor 126 0
[10.6.2011 | 19:17:54] /spawnc bobcat
[10.6.2011 | 19:19:11] /spawnc poli
[10.6.2011 | 19:19:44] /spawnc LS
[10.6.2011 | 19:21:01] /spawnc a
[10.6.2011 | 19:21:04] /spawnc b
[10.6.2011 | 19:21:07] /spawnc c
[10.6.2011 | 19:21:10] /spawnc x
[10.6.2011 | 19:21:14] /spawnc z
[10.6.2011 | 19:21:18] /spawnc q
[10.6.2011 | 19:21:21] /spawnc w
[10.6.2011 | 19:21:24] /spawnc e
[10.6.2011 | 19:21:27] /spawnc r
[10.6.2011 | 19:21:35] /spawnc t
[10.6.2011 | 19:21:38] /spawnc y
[10.6.2011 | 19:21:47] /spawnc u
[10.6.2011 | 19:21:57] /spawnc i
[10.6.2011 | 19:22:02] /spawnc o
[10.6.2011 | 19:22:07] /spawnc p
[10.6.2011 | 19:22:10] /spawnc s
[10.6.2011 | 19:22:15] /spawnc d
[10.6.2011 | 19:22:18] /spawnc f
[10.6.2011 | 19:22:22] /spawnc g
[10.6.2011 | 19:22:25] /spawnc h
[10.6.2011 | 19:22:28] /spawnc j
[10.6.2011 | 19:22:32] /spawnc k
[10.6.2011 | 19:22:34] /spawnc l
[10.6.2011 | 19:22:39] /spawnc v
[10.6.2011 | 19:22:42] /spawnc b
[10.6.2011 | 19:22:44] /spawnc n
[10.6.2011 | 19:22:47] /spawnc m
[10.6.2011 | 19:24:21] /spawnc 554
[10.6.2011 | 19:24:30] /carcolor 1 0
[10.6.2011 | 19:26:02] /spawnc 601
[10.6.2011 | 19:27:02] /spawnc fire
[10.6.2011 | 19:28:10] /spawnc bmx
[10.6.2011 | 19:29:08] /spawnc bike
[10.6.2011 | 19:29:12] /spawnc mou
