[10.6.2011 | 18:37:43] /givemoney 0 10000000
[10.6.2011 | 21:00:30] /setworld 0 16
[10.6.2011 | 21:00:50] /setworld 0 0
[10.6.2011 | 21:01:04] /setworld 0 16
[10.6.2011 | 21:01:11] /setworld 0 0
[10.6.2011 | 21:01:23] /setworld 0 16
[10.6.2011 | 21:01:33] /setworld 0 0
[10.6.2011 | 21:01:41] /setworld 0 16
[10.6.2011 | 21:01:46] /setworld 0 0
[11.6.2011 | 10:53:02] /givemoney 0 1000000
[11.6.2011 | 11:02:53] /givemoney 0 10000000
[11.6.2011 | 11:03:30] /givemoney 0 10000000
[11.6.2011 | 11:03:41] /givemoney 0 10000000
[11.6.2011 | 11:04:01] /givemoney 0 10000000
[11.6.2011 | 11:04:14] /givemoney 0 10000000
[11.6.2011 | 11:04:22] /givemoney 0 10000000
[11.6.2011 | 18:14:19] /givemoney 0 10000
[11.6.2011 | 18:14:20] /givemoney 0 10000
[11.6.2011 | 18:14:21] /givemoney 0 10000
[11.6.2011 | 18:14:23] /givemoney 0 10000
[11.6.2011 | 18:17:46] /givemoney 0 1000000
[11.6.2011 | 18:18:04] /givemoney 0 1000000
[11.6.2011 | 18:18:05] /givemoney 0 1000000
[11.6.2011 | 18:18:14] /givemoney 0 345465
[11.6.2011 | 18:18:15] /givemoney 0 345465
[11.6.2011 | 18:18:16] /givemoney 0 345465
[11.6.2011 | 18:40:50] /givemoney 0 1000000
[11.6.2011 | 18:40:51] /givemoney 0 1000000
[11.6.2011 | 18:40:51] /givemoney 0 1000000
[11.6.2011 | 18:40:52] /givemoney 0 1000000
[11.6.2011 | 18:40:52] /givemoney 0 1000000
[11.6.2011 | 18:40:52] /givemoney 0 1000000
[11.6.2011 | 18:40:53] /givemoney 0 1000000
[11.6.2011 | 18:40:53] /givemoney 0 1000000
[11.6.2011 | 18:40:53] /givemoney 0 1000000
[11.6.2011 | 18:40:54] /givemoney 0 1000000
[11.6.2011 | 18:40:54] /givemoney 0 1000000
[11.6.2011 | 18:40:56] /givemoney 0 1000000
[11.6.2011 | 18:40:56] /givemoney 0 1000000
[11.6.2011 | 18:40:56] /givemoney 0 1000000
[11.6.2011 | 19:06:06] /givemoney 0 1000000
[11.6.2011 | 19:06:06] /givemoney 0 1000000
[11.6.2011 | 19:06:07] /givemoney 0 1000000
[11.6.2011 | 19:06:07] /givemoney 0 1000000
[11.6.2011 | 19:06:07] /givemoney 0 1000000
[11.6.2011 | 19:06:08] /givemoney 0 1000000
[11.6.2011 | 19:06:08] /givemoney 0 1000000
[11.6.2011 | 19:07:03] /givemoney 0 1000000
[11.6.2011 | 19:07:03] /givemoney 0 1000000
[11.6.2011 | 19:07:06] /givemoney 0 1000000
[11.6.2011 | 19:07:18] /givemoney 0 1000000
[11.6.2011 | 19:07:18] /givemoney 0 1000000
[11.6.2011 | 19:07:19] /givemoney 0 1000000
[11.6.2011 | 19:07:19] /givemoney 0 1000000
[11.6.2011 | 19:07:20] /givemoney 0 1000000
[11.6.2011 | 19:07:20] /givemoney 0 1000000
[11.6.2011 | 19:07:21] /givemoney 0 1000000
[11.6.2011 | 19:07:22] /givemoney 0 1000000
[11.6.2011 | 19:07:23] /givemoney 0 1000000
[11.6.2011 | 19:07:23] /givemoney 0 1000000
[11.6.2011 | 19:09:24] /givemoney 0 1000000
[11.6.2011 | 19:10:07] /givemoney 0 1000000
[11.6.2011 | 19:10:28] /givemoney 0 1000000
[11.6.2011 | 19:10:29] /givemoney 0 1000000
[11.6.2011 | 19:10:30] /givemoney 0 1000000
[11.6.2011 | 19:10:30] /givemoney 0 1000000
[11.6.2011 | 19:10:30] /givemoney 0 1000000
[11.6.2011 | 19:10:31] /givemoney 0 1000000
[11.6.2011 | 19:10:31] /givemoney 0 1000000
[11.6.2011 | 19:10:32] /givemoney 0 1000000
[11.6.2011 | 19:10:32] /givemoney 0 1000000
[11.6.2011 | 19:10:32] /givemoney 0 1000000
[11.6.2011 | 19:10:34] /givemoney 0 1000000
[11.6.2011 | 19:16:42] /spawnc pack
[11.6.2011 | 21:06:01] /givemoney 0 1000000
[11.6.2011 | 21:06:02] /givemoney 0 1000000
[11.6.2011 | 21:36:17] /givemoney 1 1000000
[11.6.2011 | 21:36:17] /givemoney 1 1000000
[11.6.2011 | 21:36:18] /givemoney 1 1000000
[11.6.2011 | 21:36:18] /givemoney 1 1000000
[11.6.2011 | 21:36:18] /givemoney 1 1000000
[11.6.2011 | 21:39:55] /get 1
[11.6.2011 | 21:40:29] /givemoney 0 1000000
[11.6.2011 | 21:40:29] /givemoney 0 1000000
[11.6.2011 | 21:40:30] /givemoney 0 1000000
[11.6.2011 | 21:40:30] /givemoney 0 1000000
[11.6.2011 | 21:40:31] /givemoney 0 1000000
[11.6.2011 | 21:40:31] /givemoney 0 1000000
[11.6.2011 | 21:40:31] /givemoney 0 1000000
[11.6.2011 | 21:40:32] /givemoney 0 1000000
[11.6.2011 | 21:40:32] /givemoney 0 1000000
[11.6.2011 | 21:40:32] /givemoney 0 1000000
[11.6.2011 | 21:40:33] /givemoney 0 1000000
[11.6.2011 | 21:40:33] /givemoney 0 1000000
[11.6.2011 | 21:40:34] /givemoney 0 1000000
[11.6.2011 | 21:40:34] /givemoney 0 1000000
[11.6.2011 | 21:41:00] /givemoney 1 1000000
[11.6.2011 | 21:41:02] /givemoney 1 1000000
[11.6.2011 | 21:41:02] /givemoney 1 1000000
[11.6.2011 | 21:41:02] /givemoney 1 1000000
[11.6.2011 | 21:41:03] /givemoney 1 1000000
[11.6.2011 | 21:41:03] /givemoney 1 1000000
[11.6.2011 | 21:41:03] /givemoney 1 1000000
[11.6.2011 | 21:41:04] /givemoney 1 1000000
[11.6.2011 | 21:41:14] /givemoney 1 1000000
[11.6.2011 | 21:41:15] /givemoney 1 1000000
[11.6.2011 | 21:41:15] /givemoney 1 1000000
[11.6.2011 | 21:41:16] /givemoney 1 1000000
[11.6.2011 | 21:41:16] /givemoney 1 1000000
[11.6.2011 | 21:41:16] /givemoney 1 1000000
[11.6.2011 | 21:41:17] /givemoney 1 1000000
[11.6.2011 | 21:41:17] /givemoney 1 1000000
[11.6.2011 | 21:42:15] /setlevel 1 10
[11.6.2011 | 21:42:45] /ann Noob
[11.6.2011 | 21:42:48] /ann Noob
[11.6.2011 | 21:43:09] /ann ~b~noob
[11.6.2011 | 21:44:31] /get 1
[11.6.2011 | 21:46:09] /giveweapon 0 sawn 200
[11.6.2011 | 21:46:10] /get 1
[11.6.2011 | 21:46:34] /full 1
[11.6.2011 | 21:46:42] /full 1
[11.6.2011 | 21:52:25] /full 
[11.6.2011 | 21:53:10] /xcmds 
[11.6.2011 | 21:53:25] /goto 1
[11.6.2011 | 21:55:37] /jail 1 9999999999999999999999999999999999999999999999999999999999999999999999 noob
[11.6.2011 | 21:55:53] /goto 1
[11.6.2011 | 21:56:01] /get 1
[11.6.2011 | 21:56:17] /mute 1 9999999 1
[11.6.2011 | 21:56:35] /get 1
[11.6.2011 | 21:56:37] /freeze 1
[11.6.2011 | 21:57:24] /mute 1 9999999 1
[11.6.2011 | 21:57:25] /unmute 1
[11.6.2011 | 21:57:29] /unfreeze 1
[11.6.2011 | 21:57:42] /get 1
[11.6.2011 | 21:57:45] /get 1
[11.6.2011 | 21:57:50] /get 1
[11.6.2011 | 21:57:57] /get 1
[11.6.2011 | 21:58:03] /get 1
[11.6.2011 | 21:58:26] /full 
[11.6.2011 | 21:59:58] /jail 1 99999999999999999999999999999999999999999999999999999999999999999999999999999999999999999 Muhahahahahahaha
[11.6.2011 | 22:00:03] /goto 1
[11.6.2011 | 22:00:05] /goto 1
[11.6.2011 | 22:00:12] /unjail 1
[11.6.2011 | 22:00:13] /goto 1
[11.6.2011 | 22:00:15] /jail 1 99999999999999999999999999999999999999999999999999999999999999999999999999999999999999999 Muhahahahahahaha
[11.6.2011 | 22:00:17] /goto 1
[11.6.2011 | 22:00:47] /unfreeze 1
[11.6.2011 | 22:01:08] /setlevel 1 1
[11.6.2011 | 22:02:16] /goto 1
[11.6.2011 | 22:02:26] /sethp 1 0
[11.6.2011 | 22:03:41] /get 1
[11.6.2011 | 22:04:11] /get 1
[11.6.2011 | 22:04:20] /get 1
[11.6.2011 | 22:04:58] /givemoney 1 38 9999
[11.6.2011 | 22:04:58] /givemoney 1 38 9999
[11.6.2011 | 22:04:59] /givemoney 1 38 9999
[11.6.2011 | 22:04:59] /givemoney 1 38 9999
[11.6.2011 | 22:05:02] /giveweapon 1 38 9999
[11.6.2011 | 22:05:03] /giveweapon 1 38 9999
[11.6.2011 | 22:05:03] /giveweapon 1 38 9999
[11.6.2011 | 22:05:06] /giveweapon 0 38 9999
[11.6.2011 | 22:05:09] /goto 1
[11.6.2011 | 22:05:44] /giveweapon 1 38 9999
[11.6.2011 | 22:05:45] /giveweapon 1 38 9999
[11.6.2011 | 22:05:45] /giveweapon 1 38 9999
[11.6.2011 | 22:05:48] /get 1
[11.6.2011 | 22:10:47] /goto 2
[11.6.2011 | 22:10:50] /goto 2
[12.6.2011 | 09:35:36] /spawnc bmx
[13.6.2011 | 11:21:18] /ac 
[13.6.2011 | 11:21:21] /ac 
[13.6.2011 | 11:21:24] /chat 
[13.6.2011 | 11:21:27] /chat 
[13.6.2011 | 11:23:13] /rc 
[13.6.2011 | 11:23:38] /rc 
[13.6.2011 | 11:31:37] /saa a
[13.6.2011 | 11:31:57] /snatime 0
[13.6.2011 | 11:31:59] /snatime 1
[13.6.2011 | 11:32:26] /saa a
[13.6.2011 | 11:32:31] /saa a \n a
[13.6.2011 | 11:32:35] /saa a /n a
[13.6.2011 | 11:33:23] /saa àðçðå î÷áéí ùàúä úáéðå åáæîï äëøåá àéï çðåú ðù÷éí
[13.6.2011 | 11:33:34] /snatime 1
[13.6.2011 | 11:38:35] /setscore 0 100000
[13.6.2011 | 11:38:47] /setscore 0 1000
[13.6.2011 | 11:39:20] /setwanted 0 6
[13.6.2011 | 11:41:54] /rc 
[13.6.2011 | 12:03:30] /fall 
[13.6.2011 | 12:03:36] /unfall 
[13.6.2011 | 12:17:40] /goto 1
[13.6.2011 | 12:17:51] /goto 1
[13.6.2011 | 12:18:03] /goto 1
[13.6.2011 | 12:18:09] /goto 1
[13.6.2011 | 12:19:07] /cd 5 0
[13.6.2011 | 12:20:00] /cd 3 2
[13.6.2011 | 12:26:27] /get 1
[13.6.2011 | 12:26:42] /get 1
[13.6.2011 | 12:26:50] /get 1
[13.6.2011 | 12:27:16] /get 1
[13.6.2011 | 12:27:35] /get 1
[13.6.2011 | 12:27:41] /get 1
[13.6.2011 | 12:27:45] /get 1
[13.6.2011 | 12:28:06] /get 1
[13.6.2011 | 12:28:25] /get 1
[13.6.2011 | 12:28:26] /get 1
[13.6.2011 | 12:28:38] /get 1
[13.6.2011 | 12:28:45] /get 1
[13.6.2011 | 12:28:47] /get 1
[13.6.2011 | 12:29:49] /setlevel 1 10
[13.6.2011 | 12:30:12] /get 1
[13.6.2011 | 12:38:29] /get 1
[13.6.2011 | 12:38:30] /get 2
[13.6.2011 | 12:38:31] /get 3
[13.6.2011 | 12:38:40] /get 3
[13.6.2011 | 12:38:41] /get 1
[13.6.2011 | 12:38:42] /get 2
[13.6.2011 | 12:39:01] /cd 10 0
[13.6.2011 | 12:40:07] /goto 1
[13.6.2011 | 12:42:50] /get 1
[13.6.2011 | 12:44:00] /get 1
[13.6.2011 | 12:44:01] /get 2
[13.6.2011 | 12:44:02] /get 3
[13.6.2011 | 12:44:18] /get 1
[13.6.2011 | 12:44:18] /get 2
[13.6.2011 | 12:44:19] /get 3
[13.6.2011 | 12:44:42] /get 2
[13.6.2011 | 12:44:42] /get 3
[13.6.2011 | 12:44:43] /get 1
[13.6.2011 | 12:44:51] /get 1
[13.6.2011 | 12:45:05] /get 2
[13.6.2011 | 12:45:06] /get 3
[13.6.2011 | 12:45:11] /get 1
[13.6.2011 | 12:45:11] /get 2
[13.6.2011 | 12:45:12] /get 3
[13.6.2011 | 12:45:16] /get 3
[13.6.2011 | 12:45:17] /get 3
[13.6.2011 | 12:45:19] /get 2
[13.6.2011 | 12:46:29] /pcmds 
[13.6.2011 | 12:46:31] /acmds 
[13.6.2011 | 12:46:38] /get 1
[13.6.2011 | 12:46:39] /get 2
[13.6.2011 | 12:46:40] /get 3
[13.6.2011 | 12:47:39] /get 2
[13.6.2011 | 12:59:23] /sethp 0 0
[13.6.2011 | 13:01:10] /resetmoney 3
[13.6.2011 | 13:01:20] /resetmoney 2
[13.6.2011 | 13:01:21] /resetmoney 1
[13.6.2011 | 13:01:23] /resetmoney 0
[13.6.2011 | 13:06:18] /explode 1
[13.6.2011 | 13:06:29] /explode 0
[13.6.2011 | 13:06:30] /explode 0
[13.6.2011 | 13:06:30] /explode 0
[13.6.2011 | 13:06:31] /explode 0
[13.6.2011 | 13:06:31] /explode 0
[13.6.2011 | 13:06:35] /explode 2
[13.6.2011 | 13:06:36] /explode 2
[13.6.2011 | 13:06:36] /explode 2
[13.6.2011 | 13:06:36] /explode 2
[13.6.2011 | 13:06:39] /explode 3
[13.6.2011 | 13:07:20] /givemoney 0 1000000
[13.6.2011 | 13:07:21] /givemoney 0 1000000
[13.6.2011 | 13:07:21] /givemoney 0 1000000
[13.6.2011 | 13:07:21] /givemoney 0 1000000
[13.6.2011 | 13:07:22] /givemoney 0 1000000
[13.6.2011 | 13:07:47] /explode 2
[13.6.2011 | 13:07:50] /explode 2
[13.6.2011 | 13:07:51] /explode 2
[13.6.2011 | 13:07:52] /explode 2
[13.6.2011 | 13:07:52] /explode 2
[13.6.2011 | 13:07:53] /explode 2
[13.6.2011 | 13:08:03] /goto 2
[13.6.2011 | 13:08:05] /goto 0
[13.6.2011 | 13:10:04] /goto 2
[13.6.2011 | 13:10:07] /givemoney 0 1000000
[13.6.2011 | 13:10:10] /goto 2
[13.6.2011 | 13:11:30] /get 1
[13.6.2011 | 13:11:31] /get 2
[13.6.2011 | 13:11:31] /get 3
[13.6.2011 | 13:11:54] /gaweapon combat 10000
[13.6.2011 | 13:12:11] /full 
[13.6.2011 | 13:12:14] /gaweapon combat 10000
[13.6.2011 | 13:12:47] /full 2
[13.6.2011 | 13:12:50] /full 3
[13.6.2011 | 13:12:50] /full 1
[13.6.2011 | 13:12:52] /full 0
[13.6.2011 | 13:13:32] /gaweapon 38 10000
[13.6.2011 | 13:13:50] /get 1
[13.6.2011 | 13:13:52] /get 2
[13.6.2011 | 13:13:55] /get 1
[13.6.2011 | 13:13:56] /get 2
[13.6.2011 | 13:14:02] /gaweapon 38 10000
[13.6.2011 | 13:14:12] /full 2
[13.6.2011 | 13:14:35] /get 2
[13.6.2011 | 13:14:36] /gaweapon 38 10000
[13.6.2011 | 13:14:39] /full 2
[13.6.2011 | 13:14:46] /gaweapon 38 10000
[13.6.2011 | 13:14:48] /get 2
[13.6.2011 | 13:14:50] /full 2
[13.6.2011 | 13:16:22] /full 
[13.6.2011 | 13:16:30] /get 2
[13.6.2011 | 13:16:33] /gaweapon 38 10000
[13.6.2011 | 13:16:45] /full 
[13.6.2011 | 13:16:46] /full 3
[13.6.2011 | 13:16:50] /full 2
[13.6.2011 | 13:18:13] /get 2
[13.6.2011 | 13:18:16] /gaweapon 38 10000
[13.6.2011 | 13:20:48] /get 1
[13.6.2011 | 13:20:49] /get 2
[13.6.2011 | 13:20:50] /get 2
[13.6.2011 | 13:20:51] /get 3
[13.6.2011 | 13:21:19] /get 1
[13.6.2011 | 13:21:20] /get 2
[13.6.2011 | 13:21:21] /get 3
[13.6.2011 | 13:21:26] /get 3
[13.6.2011 | 13:21:27] /get 2
[13.6.2011 | 13:21:31] /get 2
[13.6.2011 | 13:21:32] /get 3
[13.6.2011 | 13:22:31] /full 1
[13.6.2011 | 13:22:32] /full 2
[13.6.2011 | 13:22:34] /full 3
[13.6.2011 | 13:23:08] /full 
[13.6.2011 | 13:23:09] /full 1
[13.6.2011 | 13:23:10] /full 2
[13.6.2011 | 13:23:13] /full 3
[13.6.2011 | 13:24:11] /get 1
[13.6.2011 | 13:24:12] /get 2
[13.6.2011 | 13:24:13] /get 3
[13.6.2011 | 13:25:18] /cd 99999
[13.6.2011 | 13:25:29] /kcd 
[13.6.2011 | 13:25:45] /get 3
[13.6.2011 | 13:25:56] /cd 99999
[13.6.2011 | 13:26:39] /get 3
[13.6.2011 | 13:26:43] /get 3
[13.6.2011 | 13:26:45] /freeze 3
[13.6.2011 | 13:26:52] /unfreeze 3
[13.6.2011 | 13:27:57] /get 3
[13.6.2011 | 13:28:39] /kcd 
[13.6.2011 | 13:29:10] /get 2
[13.6.2011 | 13:29:11] /get 3
[13.6.2011 | 13:29:32] /gaweapon 38 10000
[13.6.2011 | 13:29:33] /gaweapon 38 10000
[13.6.2011 | 13:29:35] /gaweapon 38 10000
[13.6.2011 | 13:29:35] /gaweapon 38 10000
[13.6.2011 | 13:29:36] /gaweapon 38 10000
[13.6.2011 | 13:29:46] /get 1
[13.6.2011 | 13:29:47] /get 2
[13.6.2011 | 13:29:48] /get 3
[13.6.2011 | 13:29:57] /get 3
[13.6.2011 | 13:30:31] /get 3
[13.6.2011 | 13:30:33] /get 2
[13.6.2011 | 13:30:48] /gaweapon 38 10000
[13.6.2011 | 13:30:49] /gaweapon 38 10000
[13.6.2011 | 13:30:50] /gaweapon 38 10000
[13.6.2011 | 13:30:50] /gaweapon 38 10000
[13.6.2011 | 13:31:02] /full 3
[13.6.2011 | 13:31:03] /full 2
[13.6.2011 | 13:31:04] /full 1
[13.6.2011 | 13:31:06] /get 2
[13.6.2011 | 13:31:16] /get 2
[13.6.2011 | 13:31:43] /gaweapon 38 10000
[13.6.2011 | 13:31:43] /gaweapon 38 10000
[13.6.2011 | 13:31:44] /gaweapon 38 10000
[13.6.2011 | 13:31:44] /gaweapon 38 10000
[13.6.2011 | 13:31:45] /gaweapon 38 10000
[13.6.2011 | 13:31:45] /gaweapon 38 10000
[13.6.2011 | 13:31:46] /gaweapon 38 10000
[13.6.2011 | 13:33:29] /goto 2
[13.6.2011 | 13:34:23] /goto 1
[13.6.2011 | 13:34:24] /goto 2
[13.6.2011 | 13:37:56] /get 4
[13.6.2011 | 13:39:07] /goto 4
[13.6.2011 | 13:41:36] /sethp 1 0
[13.6.2011 | 13:41:53] /gaweapon 38 9999
[13.6.2011 | 13:41:54] /gaweapon 38 9999
[13.6.2011 | 13:41:55] /gaweapon 38 9999
[13.6.2011 | 13:41:55] /gaweapon 38 9999
[13.6.2011 | 13:41:56] /gaweapon 38 9999
[13.6.2011 | 13:42:03] /goto 2
[13.6.2011 | 13:43:00] /full 4
[13.6.2011 | 13:43:40] /setworld 0 10
[13.6.2011 | 13:43:49] /setworld 0 0
[13.6.2011 | 13:43:52] /get 4
[13.6.2011 | 13:47:47] /setworld 0 0
[13.6.2011 | 13:47:51] /setworld 0 1
[13.6.2011 | 13:48:03] /setworld 0 0
[13.6.2011 | 13:51:41] /goto 1
[13.6.2011 | 13:51:52] /goto 1
[13.6.2011 | 13:52:15] /ann /newcars
[13.6.2011 | 13:52:23] /ann /newcars
[13.6.2011 | 13:52:23] /ann /newcars
[13.6.2011 | 13:52:24] /ann /newcars
[13.6.2011 | 13:53:02] /ann /updates
[13.6.2011 | 13:53:35] /ca 
[13.6.2011 | 13:54:01] /ca 
[13.6.2011 | 13:58:27] /ramoney 
[13.6.2011 | 13:59:32] /sethp 2 0
[13.6.2011 | 14:00:11] /get 1
[13.6.2011 | 14:00:11] /get 2
[13.6.2011 | 14:00:12] /get 4
[13.6.2011 | 14:00:14] /get 3
[13.6.2011 | 14:00:23] /get 1
[13.6.2011 | 14:00:28] /get 1
[13.6.2011 | 14:00:28] /get 1
[13.6.2011 | 14:00:29] /get 1
[13.6.2011 | 14:00:30] /get 1
[13.6.2011 | 14:00:33] /get 2
[13.6.2011 | 14:00:36] /get 2
[13.6.2011 | 14:00:38] /get 2
[13.6.2011 | 14:01:42] /setlevel 2 3
[13.6.2011 | 14:07:51] /givemoney 1 1000000
[13.6.2011 | 14:07:51] /givemoney 1 1000000
[13.6.2011 | 14:07:51] /givemoney 1 1000000
[13.6.2011 | 14:07:52] /givemoney 1 1000000
[13.6.2011 | 14:07:52] /givemoney 1 1000000
[13.6.2011 | 14:07:53] /givemoney 1 1000000
[13.6.2011 | 14:07:53] /givemoney 1 1000000
[13.6.2011 | 14:07:54] /givemoney 1 1000000
[13.6.2011 | 14:07:54] /givemoney 1 1000000
[13.6.2011 | 14:07:54] /givemoney 1 1000000
[13.6.2011 | 14:07:55] /givemoney 1 1000000
[13.6.2011 | 14:07:55] /givemoney 1 1000000
[13.6.2011 | 14:07:56] /givemoney 1 1000000
[13.6.2011 | 14:07:56] /givemoney 1 1000000
[13.6.2011 | 14:09:30] /setlevel 1 5
[13.6.2011 | 14:09:55] /giveweapon 0 38 9999
[13.6.2011 | 14:09:56] /giveweapon 0 38 9999
[13.6.2011 | 14:12:24] /sethp 4 0
[13.6.2011 | 14:14:22] /get 1
[13.6.2011 | 14:14:24] /get 1
[13.6.2011 | 14:14:29] /get 1
[13.6.2011 | 14:14:30] /get 1
[13.6.2011 | 14:14:55] /get 1
[13.6.2011 | 14:14:56] /get 1
[13.6.2011 | 14:16:04] /unfreeze 0
[13.6.2011 | 14:18:39] /get 1
[13.6.2011 | 14:18:40] /get 2
[13.6.2011 | 14:18:41] /get 3
[13.6.2011 | 14:18:41] /get 4
[13.6.2011 | 14:19:10] /get 1
[13.6.2011 | 14:19:11] /get 2
[13.6.2011 | 14:19:12] /get 3
[13.6.2011 | 14:19:13] /get 1
[13.6.2011 | 14:19:37] /givemoney 0 1000000
[13.6.2011 | 14:20:28] /get 1
[13.6.2011 | 14:20:29] /get 2
[13.6.2011 | 14:20:30] /get 3
[13.6.2011 | 14:20:32] /get 4
[13.6.2011 | 14:20:44] /get 2
[13.6.2011 | 14:20:46] /get 3
[13.6.2011 | 14:20:47] /get 2
[13.6.2011 | 14:20:48] /get 1
[13.6.2011 | 14:20:49] /get 2
[13.6.2011 | 14:20:51] /get 4
[13.6.2011 | 14:21:27] /get 1
[13.6.2011 | 14:21:28] /get 2
[13.6.2011 | 14:21:28] /get 4
[13.6.2011 | 14:21:29] /get 3
[13.6.2011 | 14:21:39] /get 3
[13.6.2011 | 14:21:40] /get 2
[13.6.2011 | 14:21:42] /get 1
[13.6.2011 | 14:21:45] /get 4
[13.6.2011 | 14:21:46] /get 3
[13.6.2011 | 14:21:47] /get 2
[13.6.2011 | 14:21:58] /givemoney 0 1000000
[13.6.2011 | 14:22:47] /givemoney 0 1000000
[13.6.2011 | 14:22:47] /givemoney 0 1000000
[13.6.2011 | 14:22:48] /givemoney 0 1000000
[13.6.2011 | 14:22:48] /givemoney 0 1000000
[13.6.2011 | 14:22:49] /givemoney 0 1000000
[13.6.2011 | 14:22:49] /givemoney 0 1000000
[13.6.2011 | 14:22:49] /givemoney 0 1000000
[13.6.2011 | 14:22:50] /givemoney 0 1000000
[13.6.2011 | 14:22:50] /givemoney 0 1000000
[13.6.2011 | 14:23:58] /givemoney 1 1000000
[13.6.2011 | 14:23:59] /givemoney 1 1000000
[13.6.2011 | 14:24:00] /givemoney 1 1000000
[13.6.2011 | 14:24:00] /givemoney 1 1000000
[13.6.2011 | 14:24:01] /givemoney 1 1000000
[13.6.2011 | 14:24:01] /givemoney 1 1000000
[13.6.2011 | 14:24:01] /givemoney 1 1000000
[13.6.2011 | 14:24:02] /givemoney 1 1000000
[13.6.2011 | 14:24:26] /setlevel 2 5
[13.6.2011 | 14:25:43] /unfreeze 0
[13.6.2011 | 14:28:18] /get 1
[13.6.2011 | 14:29:21] /goto 1
[13.6.2011 | 14:34:24] /ann /war
[13.6.2011 | 14:34:25] /ann /war
[13.6.2011 | 14:34:36] /ann /war
[13.6.2011 | 14:34:45] /giveweapon 0 26 9999
[13.6.2011 | 14:34:53] /ca 
[13.6.2011 | 14:35:42] /slap 4
[13.6.2011 | 14:35:42] /slap 4
[13.6.2011 | 14:41:35] /goto 2
[13.6.2011 | 14:41:40] /goto 2
[13.6.2011 | 14:41:43] /goto 2
[13.6.2011 | 14:42:07] /freeze 2
[13.6.2011 | 14:42:09] /goto 2
[13.6.2011 | 14:42:29] /unfreeze 2
[13.6.2011 | 14:44:17] /setlevel 1 10
[13.6.2011 | 14:53:14] /ann Eyh ha mod?
[13.6.2011 | 14:53:50] /ann Eyh ha mod Blat?
[13.6.2011 | 14:55:37] /get 1
[13.6.2011 | 14:56:15] /get 1
[13.6.2011 | 14:56:20] /get 1
[13.6.2011 | 14:56:33] /get 1
[13.6.2011 | 14:59:37] /goto 1
[13.6.2011 | 15:05:36] /goto 1
[13.6.2011 | 15:05:37] /goto 1
[13.6.2011 | 15:05:45] /goto 1
[13.6.2011 | 15:05:46] /goto 1
[13.6.2011 | 15:05:47] /goto 1
[13.6.2011 | 15:05:48] /goto 1
[13.6.2011 | 15:05:48] /goto 1
[13.6.2011 | 15:05:50] /goto 1
[13.6.2011 | 15:05:54] /goto 1
[13.6.2011 | 15:05:55] /goto 1
[13.6.2011 | 15:05:56] /goto 1
[13.6.2011 | 15:05:57] /goto 1
[13.6.2011 | 15:05:58] /goto 1
[13.6.2011 | 15:05:59] /goto 1
[13.6.2011 | 15:05:59] /goto 1
[13.6.2011 | 15:06:00] /goto 1
[13.6.2011 | 15:06:01] /goto 1
[13.6.2011 | 15:06:08] /goto 1
[13.6.2011 | 15:06:09] /goto 1
[13.6.2011 | 15:06:16] /goto 1
[13.6.2011 | 15:06:17] /goto 1
[13.6.2011 | 15:10:38] /goto 1
[13.6.2011 | 15:13:31] /get 1
[13.6.2011 | 15:19:33] /get 1
[13.6.2011 | 15:19:47] /get 1
[13.6.2011 | 15:19:48] /get 1
[13.6.2011 | 15:19:49] /get 1
[13.6.2011 | 15:19:51] /get 1
[13.6.2011 | 15:50:19] /get 1
[13.6.2011 | 15:51:09] /get 1
[13.6.2011 | 15:51:26] /get 1
[13.6.2011 | 15:52:50] /goto 1
[13.6.2011 | 15:53:03] /goto 1
[13.6.2011 | 15:54:42] /goto 1
[13.6.2011 | 15:54:44] /goto 1
[13.6.2011 | 15:55:00] /get 1
[13.6.2011 | 15:55:02] /get 1
[13.6.2011 | 15:55:03] /get 1
[13.6.2011 | 15:55:04] /get 1
[13.6.2011 | 15:55:04] /get 1
[13.6.2011 | 15:55:05] /get 1
[13.6.2011 | 15:55:06] /get 1
[13.6.2011 | 15:55:30] /get 1
[13.6.2011 | 15:57:40] /spawnc mon
[13.6.2011 | 15:58:23] /ct Chiliad 0
[13.6.2011 | 16:02:23] /get 1
[13.6.2011 | 16:04:09] /get 1
[13.6.2011 | 16:04:17] /get 1
[13.6.2011 | 16:04:32] /get 1
[13.6.2011 | 16:05:25] /get 1
[13.6.2011 | 16:06:31] /get 1
[13.6.2011 | 16:07:19] /ctl 
[13.6.2011 | 16:10:43] /get 1
[13.6.2011 | 16:10:50] /ramoney 
[13.6.2011 | 16:11:42] /ramoney 
[13.6.2011 | 16:11:43] /get 1
[13.6.2011 | 16:12:30] /ramoney 
[13.6.2011 | 16:12:33] /get 1
[13.6.2011 | 16:13:51] /get 1
[13.6.2011 | 16:13:54] /ramoney 
[13.6.2011 | 16:14:24] /ramoney 
[13.6.2011 | 16:14:25] /get 1
[13.6.2011 | 16:16:34] /get 1
[13.6.2011 | 16:16:44] /ejectall 
[13.6.2011 | 16:17:20] /kick 1 Bug
[13.6.2011 | 16:18:16] /spawnc Inf
[13.6.2011 | 16:18:51] /spawnc turi
[13.6.2011 | 16:19:07] /spawnd 
[13.6.2011 | 16:21:35] /ann Sheket
[13.6.2011 | 16:21:36] /ann Sheket
[13.6.2011 | 16:21:37] /ann Sheket
[13.6.2011 | 16:21:43] /ann ani medaber
[13.6.2011 | 16:21:45] /ann ani medaber
[13.6.2011 | 16:21:54] /ann bou naase masheu
[13.6.2011 | 16:22:20] /get 1
[13.6.2011 | 16:22:22] /get 2
[13.6.2011 | 16:22:25] /get 3
[13.6.2011 | 16:22:39] /setskin 3 280
[13.6.2011 | 16:22:45] /setskin 1 281
[13.6.2011 | 16:23:12] /spawnc lspd
[13.6.2011 | 16:24:04] /cd 5 2
[13.6.2011 | 16:24:10] /cd 5 1
[13.6.2011 | 16:25:45] /satime 0 0
[13.6.2011 | 16:25:51] /satime 0 0
[13.6.2011 | 16:26:10] /satime 0 0
[13.6.2011 | 16:26:17] /ramoney 
[13.6.2011 | 16:26:23] /get 1
[13.6.2011 | 16:26:29] /get 8
[13.6.2011 | 16:26:38] /get 2
[13.6.2011 | 16:26:44] /get 2
[13.6.2011 | 16:26:45] /get 1
[13.6.2011 | 16:26:46] /get 8
[13.6.2011 | 16:26:54] /setskin 2 282
[13.6.2011 | 16:27:07] /spawnc lspd
[13.6.2011 | 16:31:54] /carcolor 0
[13.6.2011 | 16:31:57] /carcolor 1
[13.6.2011 | 16:32:02] /satime 0 0
[13.6.2011 | 16:32:06] /get 1
[13.6.2011 | 16:32:07] /get 2
[13.6.2011 | 16:32:09] /get 3
[13.6.2011 | 16:32:21] /spawnc lspd
[13.6.2011 | 16:32:30] /setlevel 3 5
[13.6.2011 | 16:33:22] /carcolor 1 0
[13.6.2011 | 16:33:55] /get 2
[13.6.2011 | 16:33:56] /get 3
[13.6.2011 | 16:34:22] /cd 5 1
[13.6.2011 | 16:34:45] /cd 5 1
[13.6.2011 | 16:36:58] /carcolor 0
[13.6.2011 | 16:37:00] /carcolor 1
[13.6.2011 | 16:39:18] /spawnc lspd
[13.6.2011 | 16:41:57] /get 2
[13.6.2011 | 16:42:57] /cd 1000 1
[13.6.2011 | 16:43:34] /kcd 
[13.6.2011 | 16:50:33] /get 1
[13.6.2011 | 16:50:36] /get 3
[13.6.2011 | 16:50:43] /setskin 3 280
[13.6.2011 | 16:51:50] /spawnc sul
[13.6.2011 | 16:52:09] /satime 12 0
[13.6.2011 | 16:53:20] /satime 0 0
[13.6.2011 | 17:01:08] /saworld 0
[13.6.2011 | 17:03:01] /saworld 16
[13.6.2011 | 17:04:11] /jail 1 99999999999999999999999999999999999999999 1
[13.6.2011 | 17:04:19] /unjail 1
[13.6.2011 | 17:06:22] /get 1
[13.6.2011 | 17:06:25] /get 1
[13.6.2011 | 17:06:25] /get 1
[13.6.2011 | 17:06:26] /get 1
[13.6.2011 | 17:06:27] /get 1
[13.6.2011 | 17:06:28] /get 1
[13.6.2011 | 17:06:30] /get 1
[13.6.2011 | 17:06:31] /get 1
[13.6.2011 | 17:06:34] /get 1
[13.6.2011 | 17:06:37] /slap 1
[13.6.2011 | 17:06:40] /slap 1
[13.6.2011 | 17:06:41] /slap 1
[13.6.2011 | 17:09:36] /givemoney 0 10000
[13.6.2011 | 17:10:20] /get 1
[13.6.2011 | 17:10:28] /get 1
[13.6.2011 | 17:13:28] /givemoney 0 1000000
[13.6.2011 | 17:15:19] /get 1
[13.6.2011 | 17:19:01] /full 
[13.6.2011 | 17:20:32] /ramoney 
[13.6.2011 | 17:20:42] /explode 3
[13.6.2011 | 17:20:43] /explode 3
[13.6.2011 | 17:20:43] /explode 3
[13.6.2011 | 17:20:43] /explode 3
[13.6.2011 | 17:20:44] /explode 3
[13.6.2011 | 17:20:44] /explode 3
[13.6.2011 | 17:20:48] /explode 3
[13.6.2011 | 17:20:49] /explode 3
[13.6.2011 | 17:20:50] /explode 3
[13.6.2011 | 17:20:50] /explode 3
[13.6.2011 | 17:20:51] /explode 3
[13.6.2011 | 17:20:51] /explode 3
[13.6.2011 | 17:20:52] /explode 3
[13.6.2011 | 17:20:52] /explode 3
[13.6.2011 | 17:20:53] /explode 3
[13.6.2011 | 17:20:53] /explode 3
[13.6.2011 | 17:20:53] /explode 3
[13.6.2011 | 17:20:54] /explode 3
[13.6.2011 | 17:20:55] /explode 1
[13.6.2011 | 17:20:56] /explode 1
[13.6.2011 | 17:20:56] /explode 1
[13.6.2011 | 17:20:57] /explode 1
[13.6.2011 | 17:20:57] /explode 1
[13.6.2011 | 17:20:57] /explode 1
[13.6.2011 | 17:20:58] /explode 1
[13.6.2011 | 17:20:58] /explode 1
[13.6.2011 | 17:20:59] /explode 1
[13.6.2011 | 17:21:00] /explode 1
[13.6.2011 | 17:21:16] /get 1
[13.6.2011 | 17:21:16] /get 3
[13.6.2011 | 17:21:23] /get 3
[13.6.2011 | 17:21:24] /get 1
[13.6.2011 | 17:21:38] /givemoney 0 1000000
[13.6.2011 | 17:21:40] /get 1
[13.6.2011 | 17:21:44] /get 3
[13.6.2011 | 17:22:24] /freeze 1
[13.6.2011 | 17:22:24] /freeze 3
[13.6.2011 | 17:22:26] /get 1
[13.6.2011 | 17:22:27] /get 3
[13.6.2011 | 17:22:50] /unfall 
[13.6.2011 | 17:23:43] /get 1
[13.6.2011 | 17:23:45] /get 3
[13.6.2011 | 17:23:48] /get 3
[13.6.2011 | 17:23:49] /get 1
[13.6.2011 | 17:24:12] /get 1
[13.6.2011 | 17:24:13] /get 3
[13.6.2011 | 17:24:18] /givemoney 0 1000000
[13.6.2011 | 17:24:40] /goto 1
[13.6.2011 | 17:25:16] /givemoney 0 1000000
[13.6.2011 | 17:25:31] /get 1
[13.6.2011 | 17:25:46] /get 3
[13.6.2011 | 17:25:53] /get 3
[13.6.2011 | 17:26:32] /freeze 3
[13.6.2011 | 17:26:34] /get 3
[13.6.2011 | 17:27:12] /unfreeze 3
[13.6.2011 | 17:27:19] /givemoney 0 100000
[13.6.2011 | 17:27:20] /givemoney 0 100000
[13.6.2011 | 17:27:22] /freeze 3
[13.6.2011 | 17:27:25] /get 3
[13.6.2011 | 17:27:30] /givemoney 0 100000
[13.6.2011 | 17:27:31] /unfreeze 3
[13.6.2011 | 17:28:37] /givemoney 0 1000000
[13.6.2011 | 17:28:42] /get 3
[13.6.2011 | 17:29:40] /givemoney 0 1000000
[13.6.2011 | 17:37:11] /ca 
[13.6.2011 | 17:37:26] /ca 
[13.6.2011 | 17:48:39] /ramoney 
[13.6.2011 | 17:57:07] /get 1
[13.6.2011 | 17:57:34] /get 1
[13.6.2011 | 17:57:37] /get 1
[13.6.2011 | 17:57:42] /get 1
[13.6.2011 | 17:57:45] /get 1
[13.6.2011 | 17:57:46] /get 1
[13.6.2011 | 17:57:47] /get 1
[13.6.2011 | 17:57:49] /get 1
[13.6.2011 | 17:57:54] /get 1
[13.6.2011 | 17:57:55] /get 1
[13.6.2011 | 17:58:03] /get 1
[13.6.2011 | 17:58:31] /get 1
[13.6.2011 | 17:58:40] /get 1
[13.6.2011 | 17:59:23] /goto 1
[13.6.2011 | 17:59:24] /goto 1
[13.6.2011 | 17:59:27] /goto 1
[13.6.2011 | 17:59:28] /goto 1
[13.6.2011 | 17:59:29] /goto 1
[13.6.2011 | 17:59:30] /goto 1
[13.6.2011 | 17:59:31] /goto 1
[13.6.2011 | 17:59:32] /goto 1
[13.6.2011 | 17:59:32] /goto 1
[13.6.2011 | 17:59:34] /goto 1
[13.6.2011 | 17:59:35] /goto 1
[13.6.2011 | 17:59:36] /goto 1
[13.6.2011 | 17:59:37] /goto 1
[13.6.2011 | 17:59:38] /goto 1
[13.6.2011 | 17:59:38] /goto 1
[13.6.2011 | 17:59:39] /goto 1
[13.6.2011 | 18:00:03] /full 
[13.6.2011 | 18:00:19] /goto 1
[13.6.2011 | 18:00:41] /ramoney 
[13.6.2011 | 18:03:48] /goto 1
[13.6.2011 | 18:03:50] /goto 1
[13.6.2011 | 18:03:51] /goto 1
[13.6.2011 | 18:03:52] /goto 1
[13.6.2011 | 18:03:53] /goto 1
[13.6.2011 | 18:03:54] /goto 1
[13.6.2011 | 18:04:04] /full 
[13.6.2011 | 18:06:45] /cd 5 0
[13.6.2011 | 19:00:25] /goto 1
[13.6.2011 | 19:00:27] /goto 1
[13.6.2011 | 19:00:51] /full 
[13.6.2011 | 19:01:00] /sethp 1 0
[13.6.2011 | 19:01:11] /akill 1
[13.6.2011 | 19:01:13] /akill 1
[13.6.2011 | 19:01:13] /akill 1
[13.6.2011 | 19:01:14] /akill 1
[13.6.2011 | 19:01:15] /akill 1
[13.6.2011 | 19:01:18] /akill 1
[13.6.2011 | 19:01:20] /akill 1
[13.6.2011 | 19:01:37] /get 1
[13.6.2011 | 19:03:55] /get 1
[13.6.2011 | 19:05:06] /get 1
[13.6.2011 | 19:06:00] /get 1
[13.6.2011 | 19:07:09] /satime 0 0
[13.6.2011 | 19:09:46] /get 1
[13.6.2011 | 19:14:29] /get 1
[13.6.2011 | 19:14:39] /get 1
[13.6.2011 | 19:55:15] /goto 1
[13.6.2011 | 19:59:43] /goto 1
[13.6.2011 | 20:02:23] /get 1
[13.6.2011 | 20:02:27] /get 1
[13.6.2011 | 20:03:41] /get 1
[13.6.2011 | 20:03:42] /get 2
[13.6.2011 | 20:03:58] /get 2
[13.6.2011 | 20:04:00] /get 2
[13.6.2011 | 20:04:03] /get 2
[13.6.2011 | 20:04:05] /get 2
[13.6.2011 | 20:06:28] /spawnc tank
[13.6.2011 | 20:06:44] /get 2
[13.6.2011 | 20:15:58] /goto 1
[13.6.2011 | 20:16:05] /goto 1
[13.6.2011 | 20:16:11] /spawnc nrg
[13.6.2011 | 20:16:43] /get 1
[13.6.2011 | 20:16:44] /get 2
[13.6.2011 | 20:17:06] /setlevel 1 1
[13.6.2011 | 20:18:07] /get 2
[13.6.2011 | 20:18:15] /get 2
[13.6.2011 | 20:18:18] /get 2
[13.6.2011 | 20:19:48] /get 1
[13.6.2011 | 20:20:02] /get 1
[13.6.2011 | 20:20:06] /get 1
[13.6.2011 | 20:41:04] /spawnc 462
[13.6.2011 | 20:41:07] /get 0
[13.6.2011 | 20:41:12] /get 0
[13.6.2011 | 20:44:35] /spawnc pho
[13.6.2011 | 20:45:52] /goto 0
[13.6.2011 | 21:03:46] /get 1
[13.6.2011 | 21:03:48] /get 2
[13.6.2011 | 21:04:03] /givemoney 0 1000000
[13.6.2011 | 21:04:08] /get 1
[13.6.2011 | 21:04:09] /get 2
[13.6.2011 | 21:04:30] /get 1
[13.6.2011 | 21:04:31] /get 2
[13.6.2011 | 21:06:36] /spawnc sultan
[13.6.2011 | 21:07:25] /get 1
[13.6.2011 | 21:07:26] /get 2
[13.6.2011 | 21:07:37] /get 2
[13.6.2011 | 21:07:50] /get 1
[13.6.2011 | 21:07:53] /get 2
[13.6.2011 | 21:07:57] /get 2
[13.6.2011 | 21:08:06] /get 2
[13.6.2011 | 21:08:18] /get 1
[13.6.2011 | 21:09:24] /givemoney 0 1000000
[14.6.2011 | 10:43:51] /spawnc nr
[14.6.2011 | 10:44:38] /spawnc mons
[14.6.2011 | 12:19:48] /c 
[14.6.2011 | 12:19:54] /spawnc nrg
[14.6.2011 | 12:21:13] /spawnc nrg
[14.6.2011 | 12:54:53] /givemoney 0 1000000
[14.6.2011 | 13:24:16] /get 1
[14.6.2011 | 13:25:53] /spawnc nrg
[14.6.2011 | 13:26:09] /get 1
[14.6.2011 | 13:26:14] /get 1
[14.6.2011 | 13:26:17] /get 1
[14.6.2011 | 13:26:20] /spawnc nrg
[14.6.2011 | 13:26:41] /get 1
[14.6.2011 | 13:28:30] /goto 1
[14.6.2011 | 13:28:56] /goto 1
[14.6.2011 | 13:31:11] /ramoney 
[14.6.2011 | 14:07:05] /get 1
[14.6.2011 | 14:07:08] /get 3
[14.6.2011 | 14:07:13] /get 3
[14.6.2011 | 14:07:14] /get 2
[14.6.2011 | 14:09:08] /goto 3
[14.6.2011 | 14:10:12] /xspec 3
[14.6.2011 | 14:11:20] /xspec off
[14.6.2011 | 14:11:23] /goto 3
[14.6.2011 | 14:11:40] /get 2
[14.6.2011 | 14:12:19] /cd 5 1
[14.6.2011 | 14:13:51] /cd 5 
[14.6.2011 | 14:14:13] /cd 5 1
[14.6.2011 | 14:15:50] /cd 5 1
[14.6.2011 | 14:34:48] /explode 1
[14.6.2011 | 14:34:52] /explode 2
[14.6.2011 | 14:34:57] /explode 1
[14.6.2011 | 14:34:58] /explode 1
[14.6.2011 | 14:34:58] /explode 1
[14.6.2011 | 14:34:59] /explode 1
[14.6.2011 | 14:34:59] /explode 1
[14.6.2011 | 14:34:59] /explode 1
[14.6.2011 | 14:35:00] /explode 1
[14.6.2011 | 14:35:03] /explode 2
[14.6.2011 | 14:35:04] /explode 2
[14.6.2011 | 14:35:04] /explode 2
[14.6.2011 | 14:35:04] /explode 2
[14.6.2011 | 14:35:05] /explode 2
[14.6.2011 | 14:35:13] /setlevel 1 1
[14.6.2011 | 14:35:25] /setlevel 1 10
[14.6.2011 | 14:35:35] /setlevel 2 1
[14.6.2011 | 14:35:43] /spawnc nrg
[14.6.2011 | 14:36:22] /goto 1
[14.6.2011 | 14:36:51] /goto 1
[14.6.2011 | 14:39:02] /goto 1
[14.6.2011 | 14:39:03] /goto 2
[14.6.2011 | 14:39:07] /goto 2
[14.6.2011 | 14:39:08] /goto 2
[14.6.2011 | 14:39:09] /goto 2
[14.6.2011 | 14:40:52] /spawnc supe
[14.6.2011 | 14:47:01] /vrall 
[14.6.2011 | 14:50:51] /get 2
[14.6.2011 | 14:50:52] /get 3
[14.6.2011 | 14:50:56] /get 0
[14.6.2011 | 17:58:40] /jail 1 1000 Tes
[14.6.2011 | 17:59:27] /goto 1
[14.6.2011 | 17:59:54] /unjail 1
[14.6.2011 | 18:05:29] /spawnc nrg
[14.6.2011 | 18:13:07] /spawnc nr
[14.6.2011 | 18:13:44] /setworld 0 10
[14.6.2011 | 18:13:49] /get 1
[14.6.2011 | 18:14:06] /spawnc nr
[14.6.2011 | 18:14:09] /spawnc nr
[14.6.2011 | 18:14:14] /setworld 0 1
[14.6.2011 | 18:14:16] /spawnc nr
[14.6.2011 | 18:14:19] /get 1
[14.6.2011 | 18:14:25] /setworld 0 0
[14.6.2011 | 18:14:32] /get 1
[14.6.2011 | 18:15:30] /chat 
[14.6.2011 | 18:15:33] /lpt 1
[14.6.2011 | 18:15:42] /lpt 1
[14.6.2011 | 18:15:53] /lpt 1
[14.6.2011 | 18:16:00] /chat 
[14.6.2011 | 18:17:18] /setwanted 1 6
[14.6.2011 | 18:17:46] /sgravity 10
[14.6.2011 | 18:18:05] /sgravity 50
[14.6.2011 | 18:18:10] /sgravity -50
[14.6.2011 | 18:18:14] /sgravity 0
[14.6.2011 | 18:18:17] /goto 1
[14.6.2011 | 18:18:27] /sgravity 1
[14.6.2011 | 18:18:37] /sgravity 0
[14.6.2011 | 18:19:05] /sgravity 0.000001
[14.6.2011 | 18:19:08] /sgravity 0.00001
[14.6.2011 | 18:19:10] /sgravity 0.0001
[14.6.2011 | 18:19:13] /sgravity 0.001
[14.6.2011 | 18:19:15] /sgravity 0.01
[14.6.2011 | 18:19:28] /sgravity 0.1
[14.6.2011 | 18:19:37] /sgravity 0.01
[14.6.2011 | 18:19:46] /sgravity 0.1
[14.6.2011 | 18:19:53] /sgravity 0.8
[14.6.2011 | 18:20:08] /sgravity 0.5
[14.6.2011 | 18:20:12] /sgravity 0.0
[14.6.2011 | 18:20:26] /goto 1
[14.6.2011 | 18:20:37] /sgravity 0.01
[14.6.2011 | 18:20:46] /sgravity -50
[14.6.2011 | 18:20:50] /sgravity 50
[14.6.2011 | 18:21:02] /sgravity 0.01
[14.6.2011 | 18:21:21] /sgravity 0.009
[14.6.2011 | 18:21:30] /sgravity 0.005
[14.6.2011 | 18:21:36] /sgravity 0.008
[14.6.2011 | 18:22:11] /get 1
[14.6.2011 | 18:23:10] /gn 1
[14.6.2011 | 18:23:57] /spawnc g
[14.6.2011 | 18:24:02] /spawnc w
[14.6.2011 | 18:24:28] /get 1
[14.6.2011 | 18:24:43] /get 1
[14.6.2011 | 18:24:54] /get 1
[14.6.2011 | 18:24:57] /get 1
[14.6.2011 | 18:25:01] /get 1
[14.6.2011 | 18:25:03] /get 1
[14.6.2011 | 18:25:07] /get 1
[14.6.2011 | 18:25:15] /spawnc nrg
[14.6.2011 | 18:25:16] /get 1
[14.6.2011 | 18:25:38] /get 1
[14.6.2011 | 18:25:43] /get 1
[14.6.2011 | 18:25:47] /get 1
[14.6.2011 | 18:25:54] /vrall 
[14.6.2011 | 18:26:07] /explode 1
[14.6.2011 | 18:26:26] /get 1
[14.6.2011 | 18:26:43] /explode 1
[14.6.2011 | 18:27:04] /explode 1
[14.6.2011 | 18:27:14] /get 1
[14.6.2011 | 18:29:27] /giveweapon 1 38 9999
[14.6.2011 | 18:29:29] /giveweapon 1 38 9999
[14.6.2011 | 18:29:29] /giveweapon 1 38 9999
[14.6.2011 | 18:29:30] /giveweapon 1 38 9999
[14.6.2011 | 18:29:30] /giveweapon 1 38 9999
[14.6.2011 | 18:29:31] /giveweapon 1 38 9999
[14.6.2011 | 18:29:31] /giveweapon 1 38 9999
[14.6.2011 | 18:29:41] /goto 1
[14.6.2011 | 18:30:16] /giveweapon 0 38 9999
[14.6.2011 | 18:31:03] /noon 
[14.6.2011 | 18:31:16] /satime 0 0
[14.6.2011 | 18:31:19] /noon 
[14.6.2011 | 18:31:33] /satime 0 0
[14.6.2011 | 18:31:42] /get 1
[14.6.2011 | 18:36:13] /get 1
[14.6.2011 | 18:39:37] /noon 
[14.6.2011 | 18:56:11] /goto 1
[14.6.2011 | 18:56:14] /goto 1
[14.6.2011 | 18:59:20] /unfreeze 0
[14.6.2011 | 18:59:50] /get 1
[14.6.2011 | 19:00:53] /get 1
[14.6.2011 | 19:02:08] /pcmds 
[14.6.2011 | 19:02:12] /acmds 
[14.6.2011 | 19:02:21] /spawnc nrg
[14.6.2011 | 19:02:46] /spawnc ga
[14.6.2011 | 19:05:15] /get 1
[14.6.2011 | 19:06:01] /full 
[14.6.2011 | 19:07:25] /cd 5 1
[14.6.2011 | 19:08:33] /get 1
[14.6.2011 | 19:08:48] /cd 5 1
[14.6.2011 | 19:09:30] /cd 5 1
[14.6.2011 | 19:10:13] /explode 1
[14.6.2011 | 19:10:30] /givemoney 0 1000000
[14.6.2011 | 19:10:34] /get 1
[14.6.2011 | 19:12:49] /get 1
[14.6.2011 | 19:12:52] /get 1
[14.6.2011 | 19:13:31] /goto 1
[14.6.2011 | 19:14:13] /get 1
[14.6.2011 | 19:14:19] /get 1
[14.6.2011 | 19:14:52] /goto 1
[14.6.2011 | 19:16:50] /get 1
[14.6.2011 | 19:17:39] /setworld 0 0
[14.6.2011 | 19:17:43] /goto 1
[14.6.2011 | 19:18:15] /spawnc tank
[14.6.2011 | 19:19:49] /unfreeze 2
[14.6.2011 | 19:19:58] /kick 2 1
[14.6.2011 | 19:22:29] /spawnc tra
[14.6.2011 | 19:22:34] /spawnc tri
[14.6.2011 | 19:23:13] /spawnc trailer
[14.6.2011 | 19:24:09] /spawnc trailer
[14.6.2011 | 19:24:16] /get 2
[14.6.2011 | 19:26:01] /get 1
[14.6.2011 | 19:26:01] /get 2
[14.6.2011 | 19:26:11] /spawnc trailer
[14.6.2011 | 19:26:41] /cd 5 1
[14.6.2011 | 19:28:40] /get 1
[14.6.2011 | 19:30:41] /get 1
[14.6.2011 | 19:31:15] /goto 1
[14.6.2011 | 19:33:03] /spawnc 594
[14.6.2011 | 19:34:01] /unfreeze 1
[14.6.2011 | 19:34:50] /get 2
[14.6.2011 | 19:38:07] /goto 1
[14.6.2011 | 19:38:14] /goto 1
[14.6.2011 | 19:38:16] /get 1
[14.6.2011 | 19:38:18] /get 2
[14.6.2011 | 19:38:24] /spawnc tiger
[14.6.2011 | 19:39:07] /spawnc 501
[14.6.2011 | 19:39:22] /get 1
[14.6.2011 | 19:39:45] /get 2
[14.6.2011 | 19:40:32] /spawnc 465
[14.6.2011 | 19:40:39] /get 1
[14.6.2011 | 19:40:47] /get 2
[14.6.2011 | 19:41:03] /get 2
[14.6.2011 | 19:41:39] /get 1
[14.6.2011 | 19:41:44] /spawnc 501
[14.6.2011 | 19:41:51] /get 1
[14.6.2011 | 19:44:07] /get 2
[14.6.2011 | 19:44:08] /get 1
[14.6.2011 | 19:44:46] /setskin 0 1
[14.6.2011 | 19:44:49] /setskin 0 200
[14.6.2011 | 19:45:26] /explode 1
[14.6.2011 | 19:53:24] /setskin 0 100
[14.6.2011 | 19:55:12] /giveweapon 0 38 999
[14.6.2011 | 19:56:05] /setlevel 2 0
[14.6.2011 | 19:56:10] /setlevel 2 10
[14.6.2011 | 19:57:06] /full 
[14.6.2011 | 20:01:06] /ca 
[14.6.2011 | 20:03:02] /get su
[14.6.2011 | 20:03:23] /givemoney 0 1000000
[14.6.2011 | 20:09:47] /spawnc turi
[14.6.2011 | 20:14:28] /xspec 2
[14.6.2011 | 20:14:57] /vrall 
[14.6.2011 | 20:15:00] /vrall 
[14.6.2011 | 20:15:10] /get 1
[14.6.2011 | 20:15:14] /get 1
[14.6.2011 | 20:15:22] /get 1
[14.6.2011 | 20:15:24] /get 1
[14.6.2011 | 20:15:25] /get 1
[14.6.2011 | 20:15:25] /get 1
[14.6.2011 | 20:15:26] /get 1
[14.6.2011 | 20:15:26] /get 1
[14.6.2011 | 20:15:27] /get 1
[14.6.2011 | 20:15:27] /get 1
[14.6.2011 | 20:15:28] /get 1
[14.6.2011 | 20:15:31] /get 1
[14.6.2011 | 20:15:32] /get 1
[14.6.2011 | 20:15:32] /get 1
[14.6.2011 | 20:15:33] /get 1
[14.6.2011 | 20:15:33] /get 1
[14.6.2011 | 20:15:34] /get 1
[14.6.2011 | 20:15:34] /get 1
[14.6.2011 | 20:15:34] /get 1
[14.6.2011 | 20:15:35] /get 1
[14.6.2011 | 20:15:35] /get 1
[14.6.2011 | 20:15:36] /get 1
[14.6.2011 | 20:15:36] /get 1
[14.6.2011 | 20:15:36] /get 1
[14.6.2011 | 20:15:37] /get 1
[14.6.2011 | 20:15:37] /get 1
[14.6.2011 | 20:15:38] /get 1
[14.6.2011 | 20:15:38] /get 1
[14.6.2011 | 20:15:47] /get 1
[14.6.2011 | 20:15:47] /get 1
[14.6.2011 | 20:15:47] /get 1
[14.6.2011 | 20:15:48] /get 1
[14.6.2011 | 20:15:48] /get 1
[14.6.2011 | 20:15:49] /get 1
[14.6.2011 | 20:15:49] /get 1
[14.6.2011 | 20:15:49] /get 1
[14.6.2011 | 20:15:50] /get 1
[14.6.2011 | 20:15:50] /get 1
[14.6.2011 | 20:15:51] /get 1
[14.6.2011 | 20:15:52] /get 1
[14.6.2011 | 20:15:52] /get 1
[14.6.2011 | 20:15:53] /get 1
[14.6.2011 | 20:15:54] /get 1
[14.6.2011 | 20:16:02] /explode 2
[14.6.2011 | 20:16:22] /explode 2
[14.6.2011 | 20:16:49] /explode 2
[14.6.2011 | 20:17:20] /get 4
[14.6.2011 | 20:17:52] /vrall 
[14.6.2011 | 20:18:49] /ramoney 
[14.6.2011 | 20:19:11] /vrall 
[14.6.2011 | 20:19:39] /vrall 
[14.6.2011 | 20:20:34] /vrall 
[14.6.2011 | 20:20:43] /vrall 
[14.6.2011 | 20:20:58] /get 3
[14.6.2011 | 20:21:06] /get 3
[14.6.2011 | 20:21:19] /get 3
[14.6.2011 | 20:25:20] /untb [Saw]Breacher
[16.6.2011 | 09:11:53] /givemoney 0 1000000
[16.6.2011 | 09:11:53] /givemoney 0 1000000
[16.6.2011 | 09:11:54] /givemoney 0 1000000
[16.6.2011 | 09:11:55] /givemoney 0 1000000
[16.6.2011 | 09:11:55] /givemoney 0 1000000
[16.6.2011 | 09:11:56] /givemoney 0 1000000
[16.6.2011 | 09:11:56] /givemoney 0 1000000
[16.6.2011 | 09:11:57] /givemoney 0 1000000
[16.6.2011 | 09:11:57] /givemoney 0 1000000
[16.6.2011 | 09:11:58] /givemoney 0 1000000
[16.6.2011 | 09:11:58] /givemoney 0 1000000
[16.6.2011 | 09:11:58] /givemoney 0 1000000
[16.6.2011 | 10:54:22] /get 1
[16.6.2011 | 10:54:28] /get 1
[16.6.2011 | 10:54:34] /get 1
[16.6.2011 | 11:09:27] /goto 1
[16.6.2011 | 11:13:50] /spawnc 504
[16.6.2011 | 11:18:21] /spawnc hotring
[16.6.2011 | 11:18:26] /get 1
[16.6.2011 | 11:19:28] /unfreeze 1
[16.6.2011 | 11:19:29] /unfreeze 0
[16.6.2011 | 11:19:37] /spawnc 494
[16.6.2011 | 11:19:51] /spawnc 502
[16.6.2011 | 11:19:55] /spawnc 503
[16.6.2011 | 11:22:01] /spawnc 494
[16.6.2011 | 11:22:28] /spawnc 449
[16.6.2011 | 11:23:14] /spawnc 449
[16.6.2011 | 11:23:34] /spawnc nr
[16.6.2011 | 11:23:44] /spawnc 449
[16.6.2011 | 11:24:52] /spawnc nr
[16.6.2011 | 11:24:58] /spawnc 449
[16.6.2011 | 11:27:09] /spawnc nr
[16.6.2011 | 11:27:17] /setping 10000
[16.6.2011 | 11:28:06] /spawnc 538
[16.6.2011 | 11:28:09] /spawnc 538
[16.6.2011 | 11:28:12] /spawnc 538
[16.6.2011 | 11:28:21] /spawnc 538
[16.6.2011 | 11:28:23] /spawnc 538
[16.6.2011 | 11:28:25] /spawnc 538
[16.6.2011 | 11:28:27] /spawnc 538
[16.6.2011 | 11:28:33] /spawnc nr
[16.6.2011 | 11:28:40] /spawnc 538
[16.6.2011 | 11:28:44] /spawnc 538
[16.6.2011 | 11:28:49] /spawnc 538
[16.6.2011 | 11:28:53] /spawnc 539
[16.6.2011 | 11:28:56] /spawnc 537
[16.6.2011 | 11:33:09] /get 1
[16.6.2011 | 11:52:16] /goto 1
[16.6.2011 | 11:52:19] /goto 1
[16.6.2011 | 11:52:20] /goto 1
[16.6.2011 | 11:52:22] /goto 1
[16.6.2011 | 11:52:48] /goto 1
[16.6.2011 | 11:52:51] /goto 1
[16.6.2011 | 11:57:04] /goto 1
[16.6.2011 | 12:08:45] /goto 1
[16.6.2011 | 12:12:30] /goto 1
[17.6.2011 | 10:45:12] /get 1
[17.6.2011 | 10:51:44] /goto 1
[17.6.2011 | 11:08:49] /get 1
[17.6.2011 | 11:10:36] /goto 1
[17.6.2011 | 11:11:13] /goto 1
[17.6.2011 | 11:13:41] /goto 1
[17.6.2011 | 11:34:46] /goto 1
[17.6.2011 | 11:36:21] /goto 1
[17.6.2011 | 11:51:26] /spawnc ga
[17.6.2011 | 11:51:31] /spawnc tru
[17.6.2011 | 11:51:34] /spawnc tri
[17.6.2011 | 11:52:11] /spawnc gre
[17.6.2011 | 11:52:32] /spawnc fl
[17.6.2011 | 11:52:38] /spawnc fa
[17.6.2011 | 11:53:01] /spawnc lv
[17.6.2011 | 11:53:08] /spawnc ra
[17.6.2011 | 11:53:34] /spawnc ha
[17.6.2011 | 11:53:44] /spawnc ba
[17.6.2011 | 11:54:17] /spawnc 467
[17.6.2011 | 11:54:34] /spawnc 481
[17.6.2011 | 11:54:37] /spawnc 486
[17.6.2011 | 11:54:44] /spawnc 451
[17.6.2011 | 11:54:50] /spawnc 515
[17.6.2011 | 11:54:53] /spawnc 517
[17.6.2011 | 11:55:11] /spawnc 551
[17.6.2011 | 11:55:26] /spawnc 584
[17.6.2011 | 11:55:31] /spawnc 581
[17.6.2011 | 11:55:52] /spawnc 511
[17.6.2011 | 11:55:55] /spawnc 515
[17.6.2011 | 11:55:58] /spawnc 516
[17.6.2011 | 11:56:27] /spawnc 571
[17.6.2011 | 11:56:30] /spawnc 573
[17.6.2011 | 11:56:33] /spawnc 572
[17.6.2011 | 11:56:36] /spawnc 577
[17.6.2011 | 11:56:40] /spawnc 579
[17.6.2011 | 11:57:14] /spawnc 495
[17.6.2011 | 12:21:47] /goto 1
[17.6.2011 | 12:30:46] /givemoney 0 1000000
[17.6.2011 | 12:30:48] /givemoney 0 1000000
[17.6.2011 | 12:30:48] /givemoney 0 1000000
[17.6.2011 | 12:30:48] /givemoney 0 1000000
[17.6.2011 | 12:30:49] /givemoney 0 1000000
[17.6.2011 | 12:30:49] /givemoney 0 1000000
[17.6.2011 | 12:30:50] /givemoney 0 1000000
[17.6.2011 | 12:30:54] /givemoney 0 1000000
[17.6.2011 | 12:30:54] /givemoney 0 1000000
[17.6.2011 | 12:30:55] /givemoney 0 1000000
[17.6.2011 | 12:30:58] /givemoney 0 1000000
[17.6.2011 | 12:31:03] /givemoney 0 1000000
[17.6.2011 | 12:31:04] /givemoney 0 1000000
[18.6.2011 | 16:29:29] /setmoney 0 1000000
[18.6.2011 | 16:29:34] /givemoney 0 1000000
[18.6.2011 | 16:29:34] /givemoney 0 1000000
[18.6.2011 | 16:29:35] /givemoney 0 1000000
[18.6.2011 | 16:29:35] /givemoney 0 1000000
[18.6.2011 | 16:29:36] /givemoney 0 1000000
[18.6.2011 | 16:29:36] /givemoney 0 1000000
[18.6.2011 | 16:29:38] /givemoney 0 1000000
[18.6.2011 | 16:29:39] /givemoney 0 1000000
[18.6.2011 | 16:29:41] /givemoney 0 1000000
[18.6.2011 | 16:30:26] /givemoney 0 200000
[18.6.2011 | 16:31:15] /vr 
[18.6.2011 | 16:31:23] /vr 
[18.6.2011 | 16:31:26] /flip 
[18.6.2011 | 16:31:27] /vr 
[18.6.2011 | 16:37:19] /flip 
[18.6.2011 | 16:37:21] /vr 
[18.6.2011 | 17:04:09] /goto 0
[18.6.2011 | 17:07:28] /get 2
[18.6.2011 | 17:07:39] /sethp 0 0
[18.6.2011 | 17:07:47] /get 0
[18.6.2011 | 17:09:18] /flip 
[18.6.2011 | 17:09:19] /vr 
[18.6.2011 | 17:09:20] /flip 
[18.6.2011 | 17:09:21] /flip 
[18.6.2011 | 17:09:22] /flip 
[18.6.2011 | 17:09:30] /goto 0
[18.6.2011 | 17:48:50] /goto 0
[18.6.2011 | 17:52:10] /vr 
[18.6.2011 | 17:52:20] /vr 
[18.6.2011 | 17:52:45] /vr 
[18.6.2011 | 17:53:55] /goto 0
[18.6.2011 | 17:55:52] /spawnc rc
[18.6.2011 | 17:56:13] /goto 0
[18.6.2011 | 17:58:33] /spawnc a
[18.6.2011 | 17:59:58] /spawnc nr
[18.6.2011 | 18:02:53] /givemoney 0 1000000
[18.6.2011 | 18:02:54] /givemoney 0 1000000
[18.6.2011 | 18:02:54] /givemoney 0 1000000
[18.6.2011 | 18:02:54] /givemoney 0 1000000
[18.6.2011 | 18:02:55] /givemoney 0 1000000
[18.6.2011 | 18:02:55] /givemoney 0 1000000
[18.6.2011 | 18:02:57] /givemoney 0 1000000
[18.6.2011 | 18:03:02] /givemoney 0 1000000
[18.6.2011 | 18:03:03] /givemoney 0 1000000
[18.6.2011 | 18:03:03] /givemoney 0 1000000
[18.6.2011 | 18:03:04] /givemoney 0 1000000
[18.6.2011 | 18:03:27] /givemoney 1 1000000
[18.6.2011 | 18:03:29] /givemoney 1 1000000
[18.6.2011 | 18:03:29] /givemoney 1 1000000
[18.6.2011 | 18:03:30] /givemoney 1 1000000
[18.6.2011 | 18:03:30] /givemoney 1 1000000
[18.6.2011 | 18:03:30] /givemoney 1 1000000
[18.6.2011 | 18:03:31] /givemoney 1 1000000
[18.6.2011 | 18:03:31] /givemoney 1 1000000
[18.6.2011 | 18:03:31] /givemoney 1 1000000
[18.6.2011 | 18:03:32] /givemoney 1 1000000
[18.6.2011 | 18:03:32] /givemoney 1 1000000
[18.6.2011 | 18:03:33] /givemoney 1 1000000
[18.6.2011 | 18:03:33] /givemoney 1 1000000
[18.6.2011 | 18:03:33] /givemoney 1 1000000
[18.6.2011 | 18:06:09] /goto 3
[18.6.2011 | 18:14:47] /goto 2
[18.6.2011 | 18:14:51] /goto 2
[18.6.2011 | 18:30:24] /goto 2
[19.6.2011 | 13:25:32] /setping 10000
[29.6.2011 | 01:47:15] /sethp 0 0
[29.6.2011 | 01:49:02] /get 0
[29.6.2011 | 01:50:52] /gmx 
[29.6.2011 | 01:51:26] /givecar (Hydraulics)
[29.6.2011 | 02:01:21] /setlevel 2 10
[29.6.2011 | 02:02:41] /pcmds 
[29.6.2011 | 02:02:43] /acmds 
[29.6.2011 | 02:03:28] /gmx 
[29.6.2011 | 02:07:05] /gmx 
[29.6.2011 | 02:10:20] /get 1
[29.6.2011 | 02:10:21] /get 2
[29.6.2011 | 02:11:53] /full 2
[29.6.2011 | 02:13:05] /goto 2
[29.6.2011 | 02:15:28] /get 2
[29.6.2011 | 02:15:32] /get 2
[29.6.2011 | 02:15:36] /get 2
[29.6.2011 | 02:15:39] /get 2
[29.6.2011 | 02:15:44] /get 2
[29.6.2011 | 02:15:47] /get 2
[29.6.2011 | 02:15:50] /get 2
[29.6.2011 | 02:15:51] /get 2
[29.6.2011 | 02:15:54] /get 2
[29.6.2011 | 02:16:09] /get 2
[29.6.2011 | 02:16:11] /get 2
[29.6.2011 | 02:16:16] /get 2
[29.6.2011 | 02:17:11] /get 2
[29.6.2011 | 02:17:21] /get 2
[29.6.2011 | 02:17:29] /sethp 0 1
[29.6.2011 | 02:17:45] /freeze 2
[29.6.2011 | 02:17:56] /cd 5 2
[29.6.2011 | 02:21:09] /sethp 0 1
[29.6.2011 | 02:22:27] /sethp 0 1
[29.6.2011 | 02:22:42] /full 2
[29.6.2011 | 02:24:38] /sethp 0 1
[29.6.2011 | 02:29:49] /goto 2
[29.6.2011 | 02:30:53] /get 1
[29.6.2011 | 02:33:42] /get 2
[29.6.2011 | 02:35:47] /get 2
[29.6.2011 | 02:35:49] /get 2
[29.6.2011 | 02:35:51] /get 2
[29.6.2011 | 02:35:52] /get 2
[29.6.2011 | 02:35:52] /get 2
[29.6.2011 | 02:35:52] /get 2
[29.6.2011 | 02:35:53] /get 2
[29.6.2011 | 02:38:24] /gmx 
[29.6.2011 | 02:39:01] /get 2
[29.6.2011 | 02:39:01] /get 2
[29.6.2011 | 02:39:01] /get 2
[29.6.2011 | 02:39:01] /get 2
[29.6.2011 | 02:39:01] /get 2
[29.6.2011 | 02:39:01] /get 2
[29.6.2011 | 02:39:58] /explode 1
[29.6.2011 | 02:39:59] /explode 1
[29.6.2011 | 02:39:59] /explode 1
[29.6.2011 | 02:39:59] /explode 1
[29.6.2011 | 02:40:00] /explode 1
[29.6.2011 | 02:40:00] /explode 1
[29.6.2011 | 02:40:00] /explode 1
[29.6.2011 | 02:41:45] /goto 1
[29.6.2011 | 02:43:03] /gmx 
