[13.6.2011 | 14:49:18] /spawnc NRG
[13.6.2011 | 14:49:54] /spawnc ban
[13.6.2011 | 14:51:27] /spawnc hotkn
[13.6.2011 | 14:52:11] /spawnc bu
[13.6.2011 | 14:57:59] /spawnc bu
[13.6.2011 | 15:23:54] /spawnc inf
[14.6.2011 | 14:12:14] /freeze 2
[14.6.2011 | 14:12:19] /freeze 3
[14.6.2011 | 14:13:57] /freeze 3
[14.6.2011 | 14:14:16] /freeze 0
[14.6.2011 | 14:15:53] /freeze 0
[14.6.2011 | 14:36:46] /goto 0
[14.6.2011 | 14:37:10] /givemoney 2 999999
[14.6.2011 | 14:37:11] /givemoney 2 999999
[14.6.2011 | 14:44:48] /freeze 1
[14.6.2011 | 14:44:49] /freeze 2
[14.6.2011 | 14:44:52] /freeze 3
[14.6.2011 | 14:46:48] /cd 5 1
[14.6.2011 | 20:14:40] /xspec 2
[14.6.2011 | 20:14:45] /xspec off
[14.6.2011 | 20:14:48] /xspec 2
[29.6.2011 | 02:01:34] /spawnc Mons
[29.6.2011 | 02:02:47] /spawnc Mons
[29.6.2011 | 02:03:17] /spawnc zr
[29.6.2011 | 02:04:12] /spawnc zr
[29.6.2011 | 02:05:03] /spawnc inf
[29.6.2011 | 02:05:34] /spawnc voo
[29.6.2011 | 02:05:53] /spawnc sla
[29.6.2011 | 02:06:23] /spawnc flash
[29.6.2011 | 02:08:11] /spawnc ele
[29.6.2011 | 02:08:35] /spawnc ele
[29.6.2011 | 02:09:06] /spawnc flash
[29.6.2011 | 02:09:27] /spawnc ban
[29.6.2011 | 02:09:53] /spawnc elegy
[29.6.2011 | 02:10:10] /spawnc mons
[29.6.2011 | 02:10:51] /spawnc pho
[29.6.2011 | 02:11:11] /spawnc nrg
[29.6.2011 | 02:12:22] /spawnc Vinc
[29.6.2011 | 02:13:00] /spawnc Empe
[29.6.2011 | 02:13:28] /spawnc Cadro
[29.6.2011 | 02:13:50] /spawnc Cadro
[29.6.2011 | 02:15:14] /spawnc Pho
[29.6.2011 | 02:16:08] /spawnc sul
[29.6.2011 | 02:16:31] /spawnc nrg
[29.6.2011 | 02:17:41] /spawnc Hotri
[29.6.2011 | 02:18:25] /spawnc sup
[29.6.2011 | 02:19:07] /spawnc bull
[29.6.2011 | 02:22:05] /spawnc sup
[29.6.2011 | 02:22:22] /spawnc inf
[29.6.2011 | 02:22:41] /spawnc ch
[29.6.2011 | 02:23:04] /spawnc che
[29.6.2011 | 02:23:36] /spawnc inf
[29.6.2011 | 02:24:39] /spawnc sup
[29.6.2011 | 02:25:55] /spawnc elegy
[29.6.2011 | 02:26:21] /spawnc com
[29.6.2011 | 02:26:54] /spawnc inf
[29.6.2011 | 02:27:14] /spawnc sup
[29.6.2011 | 02:27:30] /spawnc tur
[29.6.2011 | 02:27:58] /spawnc com
[29.6.2011 | 02:28:10] /spawnc pho
[29.6.2011 | 02:28:55] /spawnc ele
[29.6.2011 | 02:29:43] /spawnc jes
[29.6.2011 | 02:30:15] /spawnc flash
[29.6.2011 | 02:30:32] /spawnc elegy
[29.6.2011 | 02:32:06] /spawnc sulta
[29.6.2011 | 02:32:23] /spawnc mons
[29.6.2011 | 02:43:54] /spawnc zr
[29.6.2011 | 02:44:30] /spawnc voodoo
[29.6.2011 | 02:44:56] /spawnc flash
[29.6.2011 | 02:45:24] /spawnc sla
[29.6.2011 | 02:45:59] /spawnc ele
[29.6.2011 | 02:46:29] /spawnc elegy
[29.6.2011 | 02:46:58] /spawnc jes
[29.6.2011 | 02:47:38] /spawnc sul
[29.6.2011 | 02:48:36] /spawnc ban
[29.6.2011 | 02:49:22] /spawnc jest
[29.6.2011 | 02:49:35] /spawnc jester
[29.6.2011 | 02:50:09] /spawnc flash
[29.6.2011 | 02:51:19] /spawnc bull
[29.6.2011 | 02:52:02] /spawnc nrg
[29.6.2011 | 02:52:32] /spawnc elegy
[29.6.2011 | 02:53:52] /spawnc sup
[29.6.2011 | 02:54:04] /spawnc ban
[29.6.2011 | 02:54:42] /spawnc pho
[29.6.2011 | 02:55:24] /spawnc nrg
[29.6.2011 | 02:55:52] /spawnc pho
[29.6.2011 | 02:56:27] /spawnc che
[29.6.2011 | 02:57:04] /spawnc ban
[29.6.2011 | 02:58:09] /spawnc flash
[29.6.2011 | 02:58:49] /spawnc sul
[29.6.2011 | 02:59:32] /spawnc ele
[29.6.2011 | 03:00:07] /spawnc elegy
[29.6.2011 | 03:01:40] /spawnc pho
[29.6.2011 | 03:02:15] /spawnc zr
[29.6.2011 | 03:03:29] /spawnc flash
[29.6.2011 | 03:04:24] /spawnc torn
[29.6.2011 | 03:05:11] /spawnc inf
[29.6.2011 | 03:05:27] /get 0
[29.6.2011 | 03:06:02] /setlevel 0 10
[29.6.2011 | 03:09:06] /spawnc sla
[29.6.2011 | 03:09:29] /spawnc ur
[29.6.2011 | 03:09:44] /spawnc inf
[29.6.2011 | 03:10:18] /spawnc che
[29.6.2011 | 03:10:49] /spawnc ele
[29.6.2011 | 03:11:19] /spawnc nrg
